01-Sep-2024 07:35:44.172 INFO [http-nio-8080-exec-1] org.apache.coyote.http11.Http11Processor.service Error parsing HTTP request header
 Note: further occurrences of HTTP request parsing errors will be logged at DEBUG level.
	java.lang.IllegalArgumentException: Invalid character found in the HTTP protocol [1 -1]
		at org.apache.coyote.http11.Http11InputBuffer.parseRequestLine(Http11InputBuffer.java:560)
		at org.apache.coyote.http11.Http11Processor.service(Http11Processor.java:260)
		at org.apache.coyote.AbstractProcessorLight.process(AbstractProcessorLight.java:65)
		at org.apache.coyote.AbstractProtocol$ConnectionHandler.process(AbstractProtocol.java:868)
		at org.apache.tomcat.util.net.NioEndpoint$SocketProcessor.doRun(NioEndpoint.java:1590)
		at org.apache.tomcat.util.net.SocketProcessorBase.run(SocketProcessorBase.java:49)
		at java.base/java.util.concurrent.ThreadPoolExecutor.runWorker(ThreadPoolExecutor.java:1128)
		at java.base/java.util.concurrent.ThreadPoolExecutor$Worker.run(ThreadPoolExecutor.java:628)
		at org.apache.tomcat.util.threads.TaskThread$WrappingRunnable.run(TaskThread.java:61)
		at java.base/java.lang.Thread.run(Thread.java:834)
01-Sep-2024 10:38:47.894 SEVERE [http-nio-8080-exec-5] com.sun.faces.context.AjaxExceptionHandlerImpl.handlePartialResponseError javax.faces.application.ViewExpiredException: viewId:/admin/index.xhtml - View /admin/index.xhtml could not be restored.
	at com.sun.faces.lifecycle.RestoreViewPhase.execute(RestoreViewPhase.java:218)
	at com.sun.faces.lifecycle.Phase.doPhase(Phase.java:100)
	at com.sun.faces.lifecycle.RestoreViewPhase.doPhase(RestoreViewPhase.java:133)
	at com.sun.faces.lifecycle.LifecycleImpl.execute(LifecycleImpl.java:201)
	at javax.faces.webapp.FacesServlet.service(FacesServlet.java:670)
	at org.apache.catalina.core.ApplicationFilterChain.internalDoFilter(ApplicationFilterChain.java:231)
	at org.apache.catalina.core.ApplicationFilterChain.doFilter(ApplicationFilterChain.java:166)
	at org.apache.tomcat.websocket.server.WsFilter.doFilter(WsFilter.java:53)
	at org.apache.catalina.core.ApplicationFilterChain.internalDoFilter(ApplicationFilterChain.java:193)
	at org.apache.catalina.core.ApplicationFilterChain.doFilter(ApplicationFilterChain.java:166)
	at org.apache.openejb.server.httpd.EEFilter.doFilter(EEFilter.java:65)
	at org.apache.catalina.core.ApplicationFilterChain.internalDoFilter(ApplicationFilterChain.java:193)
	at org.apache.catalina.core.ApplicationFilterChain.doFilter(ApplicationFilterChain.java:166)
	at org.ocpsoft.rewrite.servlet.RewriteFilter.doFilter(RewriteFilter.java:226)
	at org.apache.catalina.core.ApplicationFilterChain.internalDoFilter(ApplicationFilterChain.java:193)
	at org.apache.catalina.core.ApplicationFilterChain.doFilter(ApplicationFilterChain.java:166)
	at org.omnifaces.facesviews.FacesViewsForwardingFilter.filterExtensionLessToExtension(FacesViewsForwardingFilter.java:180)
	at org.omnifaces.facesviews.FacesViewsForwardingFilter.filterExtensionLess(FacesViewsForwardingFilter.java:137)
	at org.omnifaces.facesviews.FacesViewsForwardingFilter.filterExtensionLess(FacesViewsForwardingFilter.java:123)
	at org.omnifaces.facesviews.FacesViewsForwardingFilter.doFilter(FacesViewsForwardingFilter.java:84)
	at org.omnifaces.filter.HttpFilter.doFilter(HttpFilter.java:108)
	at org.apache.catalina.core.ApplicationFilterChain.internalDoFilter(ApplicationFilterChain.java:193)
	at org.apache.catalina.core.ApplicationFilterChain.doFilter(ApplicationFilterChain.java:166)
	at org.apache.catalina.core.StandardWrapperValve.invoke(StandardWrapperValve.java:202)
	at org.apache.catalina.core.StandardContextValve.invoke(StandardContextValve.java:96)
	at org.apache.tomee.catalina.OpenEJBValve.invoke(OpenEJBValve.java:45)
	at org.apache.catalina.authenticator.AuthenticatorBase.invoke(AuthenticatorBase.java:541)
	at org.apache.catalina.core.StandardHostValve.invoke(StandardHostValve.java:139)
	at org.apache.catalina.valves.ErrorReportValve.invoke(ErrorReportValve.java:92)
	at org.apache.tomee.catalina.OpenEJBSecurityListener$RequestCapturer.invoke(OpenEJBSecurityListener.java:97)
	at org.apache.catalina.valves.AbstractAccessLogValve.invoke(AbstractAccessLogValve.java:690)
	at org.apache.catalina.core.StandardEngineValve.invoke(StandardEngineValve.java:74)
	at org.apache.catalina.connector.CoyoteAdapter.service(CoyoteAdapter.java:343)
	at org.apache.coyote.http11.Http11Processor.service(Http11Processor.java:373)
	at org.apache.coyote.AbstractProcessorLight.process(AbstractProcessorLight.java:65)
	at org.apache.coyote.AbstractProtocol$ConnectionHandler.process(AbstractProtocol.java:868)
	at org.apache.tomcat.util.net.NioEndpoint$SocketProcessor.doRun(NioEndpoint.java:1590)
	at org.apache.tomcat.util.net.SocketProcessorBase.run(SocketProcessorBase.java:49)
	at java.base/java.util.concurrent.ThreadPoolExecutor.runWorker(ThreadPoolExecutor.java:1128)
	at java.base/java.util.concurrent.ThreadPoolExecutor$Worker.run(ThreadPoolExecutor.java:628)
	at org.apache.tomcat.util.threads.TaskThread$WrappingRunnable.run(TaskThread.java:61)
	at java.base/java.lang.Thread.run(Thread.java:834)

01-Sep-2024 10:38:50.721 SEVERE [http-nio-8080-exec-1] com.sun.faces.context.AjaxExceptionHandlerImpl.handlePartialResponseError javax.faces.application.ViewExpiredException: viewId:/admin/index.xhtml - View /admin/index.xhtml could not be restored.
	at com.sun.faces.lifecycle.RestoreViewPhase.execute(RestoreViewPhase.java:218)
	at com.sun.faces.lifecycle.Phase.doPhase(Phase.java:100)
	at com.sun.faces.lifecycle.RestoreViewPhase.doPhase(RestoreViewPhase.java:133)
	at com.sun.faces.lifecycle.LifecycleImpl.execute(LifecycleImpl.java:201)
	at javax.faces.webapp.FacesServlet.service(FacesServlet.java:670)
	at org.apache.catalina.core.ApplicationFilterChain.internalDoFilter(ApplicationFilterChain.java:231)
	at org.apache.catalina.core.ApplicationFilterChain.doFilter(ApplicationFilterChain.java:166)
	at org.apache.tomcat.websocket.server.WsFilter.doFilter(WsFilter.java:53)
	at org.apache.catalina.core.ApplicationFilterChain.internalDoFilter(ApplicationFilterChain.java:193)
	at org.apache.catalina.core.ApplicationFilterChain.doFilter(ApplicationFilterChain.java:166)
	at org.apache.openejb.server.httpd.EEFilter.doFilter(EEFilter.java:65)
	at org.apache.catalina.core.ApplicationFilterChain.internalDoFilter(ApplicationFilterChain.java:193)
	at org.apache.catalina.core.ApplicationFilterChain.doFilter(ApplicationFilterChain.java:166)
	at org.ocpsoft.rewrite.servlet.RewriteFilter.doFilter(RewriteFilter.java:226)
	at org.apache.catalina.core.ApplicationFilterChain.internalDoFilter(ApplicationFilterChain.java:193)
	at org.apache.catalina.core.ApplicationFilterChain.doFilter(ApplicationFilterChain.java:166)
	at org.omnifaces.facesviews.FacesViewsForwardingFilter.filterExtensionLessToExtension(FacesViewsForwardingFilter.java:180)
	at org.omnifaces.facesviews.FacesViewsForwardingFilter.filterExtensionLess(FacesViewsForwardingFilter.java:137)
	at org.omnifaces.facesviews.FacesViewsForwardingFilter.filterExtensionLess(FacesViewsForwardingFilter.java:123)
	at org.omnifaces.facesviews.FacesViewsForwardingFilter.doFilter(FacesViewsForwardingFilter.java:84)
	at org.omnifaces.filter.HttpFilter.doFilter(HttpFilter.java:108)
	at org.apache.catalina.core.ApplicationFilterChain.internalDoFilter(ApplicationFilterChain.java:193)
	at org.apache.catalina.core.ApplicationFilterChain.doFilter(ApplicationFilterChain.java:166)
	at org.apache.catalina.core.StandardWrapperValve.invoke(StandardWrapperValve.java:202)
	at org.apache.catalina.core.StandardContextValve.invoke(StandardContextValve.java:96)
	at org.apache.tomee.catalina.OpenEJBValve.invoke(OpenEJBValve.java:45)
	at org.apache.catalina.authenticator.AuthenticatorBase.invoke(AuthenticatorBase.java:541)
	at org.apache.catalina.core.StandardHostValve.invoke(StandardHostValve.java:139)
	at org.apache.catalina.valves.ErrorReportValve.invoke(ErrorReportValve.java:92)
	at org.apache.tomee.catalina.OpenEJBSecurityListener$RequestCapturer.invoke(OpenEJBSecurityListener.java:97)
	at org.apache.catalina.valves.AbstractAccessLogValve.invoke(AbstractAccessLogValve.java:690)
	at org.apache.catalina.core.StandardEngineValve.invoke(StandardEngineValve.java:74)
	at org.apache.catalina.connector.CoyoteAdapter.service(CoyoteAdapter.java:343)
	at org.apache.coyote.http11.Http11Processor.service(Http11Processor.java:373)
	at org.apache.coyote.AbstractProcessorLight.process(AbstractProcessorLight.java:65)
	at org.apache.coyote.AbstractProtocol$ConnectionHandler.process(AbstractProtocol.java:868)
	at org.apache.tomcat.util.net.NioEndpoint$SocketProcessor.doRun(NioEndpoint.java:1590)
	at org.apache.tomcat.util.net.SocketProcessorBase.run(SocketProcessorBase.java:49)
	at java.base/java.util.concurrent.ThreadPoolExecutor.runWorker(ThreadPoolExecutor.java:1128)
	at java.base/java.util.concurrent.ThreadPoolExecutor$Worker.run(ThreadPoolExecutor.java:628)
	at org.apache.tomcat.util.threads.TaskThread$WrappingRunnable.run(TaskThread.java:61)
	at java.base/java.lang.Thread.run(Thread.java:834)

01-Sep-2024 10:38:56.495 SEVERE [http-nio-8080-exec-7] com.sun.faces.context.AjaxExceptionHandlerImpl.handlePartialResponseError javax.faces.application.ViewExpiredException: viewId:/admin/index.xhtml - View /admin/index.xhtml could not be restored.
	at com.sun.faces.lifecycle.RestoreViewPhase.execute(RestoreViewPhase.java:218)
	at com.sun.faces.lifecycle.Phase.doPhase(Phase.java:100)
	at com.sun.faces.lifecycle.RestoreViewPhase.doPhase(RestoreViewPhase.java:133)
	at com.sun.faces.lifecycle.LifecycleImpl.execute(LifecycleImpl.java:201)
	at javax.faces.webapp.FacesServlet.service(FacesServlet.java:670)
	at org.apache.catalina.core.ApplicationFilterChain.internalDoFilter(ApplicationFilterChain.java:231)
	at org.apache.catalina.core.ApplicationFilterChain.doFilter(ApplicationFilterChain.java:166)
	at org.apache.tomcat.websocket.server.WsFilter.doFilter(WsFilter.java:53)
	at org.apache.catalina.core.ApplicationFilterChain.internalDoFilter(ApplicationFilterChain.java:193)
	at org.apache.catalina.core.ApplicationFilterChain.doFilter(ApplicationFilterChain.java:166)
	at org.apache.openejb.server.httpd.EEFilter.doFilter(EEFilter.java:65)
	at org.apache.catalina.core.ApplicationFilterChain.internalDoFilter(ApplicationFilterChain.java:193)
	at org.apache.catalina.core.ApplicationFilterChain.doFilter(ApplicationFilterChain.java:166)
	at org.ocpsoft.rewrite.servlet.RewriteFilter.doFilter(RewriteFilter.java:226)
	at org.apache.catalina.core.ApplicationFilterChain.internalDoFilter(ApplicationFilterChain.java:193)
	at org.apache.catalina.core.ApplicationFilterChain.doFilter(ApplicationFilterChain.java:166)
	at org.omnifaces.facesviews.FacesViewsForwardingFilter.filterExtensionLessToExtension(FacesViewsForwardingFilter.java:180)
	at org.omnifaces.facesviews.FacesViewsForwardingFilter.filterExtensionLess(FacesViewsForwardingFilter.java:137)
	at org.omnifaces.facesviews.FacesViewsForwardingFilter.filterExtensionLess(FacesViewsForwardingFilter.java:123)
	at org.omnifaces.facesviews.FacesViewsForwardingFilter.doFilter(FacesViewsForwardingFilter.java:84)
	at org.omnifaces.filter.HttpFilter.doFilter(HttpFilter.java:108)
	at org.apache.catalina.core.ApplicationFilterChain.internalDoFilter(ApplicationFilterChain.java:193)
	at org.apache.catalina.core.ApplicationFilterChain.doFilter(ApplicationFilterChain.java:166)
	at org.apache.catalina.core.StandardWrapperValve.invoke(StandardWrapperValve.java:202)
	at org.apache.catalina.core.StandardContextValve.invoke(StandardContextValve.java:96)
	at org.apache.tomee.catalina.OpenEJBValve.invoke(OpenEJBValve.java:45)
	at org.apache.catalina.authenticator.AuthenticatorBase.invoke(AuthenticatorBase.java:541)
	at org.apache.catalina.core.StandardHostValve.invoke(StandardHostValve.java:139)
	at org.apache.catalina.valves.ErrorReportValve.invoke(ErrorReportValve.java:92)
	at org.apache.tomee.catalina.OpenEJBSecurityListener$RequestCapturer.invoke(OpenEJBSecurityListener.java:97)
	at org.apache.catalina.valves.AbstractAccessLogValve.invoke(AbstractAccessLogValve.java:690)
	at org.apache.catalina.core.StandardEngineValve.invoke(StandardEngineValve.java:74)
	at org.apache.catalina.connector.CoyoteAdapter.service(CoyoteAdapter.java:343)
	at org.apache.coyote.http11.Http11Processor.service(Http11Processor.java:373)
	at org.apache.coyote.AbstractProcessorLight.process(AbstractProcessorLight.java:65)
	at org.apache.coyote.AbstractProtocol$ConnectionHandler.process(AbstractProtocol.java:868)
	at org.apache.tomcat.util.net.NioEndpoint$SocketProcessor.doRun(NioEndpoint.java:1590)
	at org.apache.tomcat.util.net.SocketProcessorBase.run(SocketProcessorBase.java:49)
	at java.base/java.util.concurrent.ThreadPoolExecutor.runWorker(ThreadPoolExecutor.java:1128)
	at java.base/java.util.concurrent.ThreadPoolExecutor$Worker.run(ThreadPoolExecutor.java:628)
	at org.apache.tomcat.util.threads.TaskThread$WrappingRunnable.run(TaskThread.java:61)
	at java.base/java.lang.Thread.run(Thread.java:834)

01-Sep-2024 10:39:00.717 SEVERE [http-nio-8080-exec-4] com.sun.faces.context.AjaxExceptionHandlerImpl.handlePartialResponseError javax.faces.application.ViewExpiredException: viewId:/admin/index.xhtml - View /admin/index.xhtml could not be restored.
	at com.sun.faces.lifecycle.RestoreViewPhase.execute(RestoreViewPhase.java:218)
	at com.sun.faces.lifecycle.Phase.doPhase(Phase.java:100)
	at com.sun.faces.lifecycle.RestoreViewPhase.doPhase(RestoreViewPhase.java:133)
	at com.sun.faces.lifecycle.LifecycleImpl.execute(LifecycleImpl.java:201)
	at javax.faces.webapp.FacesServlet.service(FacesServlet.java:670)
	at org.apache.catalina.core.ApplicationFilterChain.internalDoFilter(ApplicationFilterChain.java:231)
	at org.apache.catalina.core.ApplicationFilterChain.doFilter(ApplicationFilterChain.java:166)
	at org.apache.tomcat.websocket.server.WsFilter.doFilter(WsFilter.java:53)
	at org.apache.catalina.core.ApplicationFilterChain.internalDoFilter(ApplicationFilterChain.java:193)
	at org.apache.catalina.core.ApplicationFilterChain.doFilter(ApplicationFilterChain.java:166)
	at org.apache.openejb.server.httpd.EEFilter.doFilter(EEFilter.java:65)
	at org.apache.catalina.core.ApplicationFilterChain.internalDoFilter(ApplicationFilterChain.java:193)
	at org.apache.catalina.core.ApplicationFilterChain.doFilter(ApplicationFilterChain.java:166)
	at org.ocpsoft.rewrite.servlet.RewriteFilter.doFilter(RewriteFilter.java:226)
	at org.apache.catalina.core.ApplicationFilterChain.internalDoFilter(ApplicationFilterChain.java:193)
	at org.apache.catalina.core.ApplicationFilterChain.doFilter(ApplicationFilterChain.java:166)
	at org.omnifaces.facesviews.FacesViewsForwardingFilter.filterExtensionLessToExtension(FacesViewsForwardingFilter.java:180)
	at org.omnifaces.facesviews.FacesViewsForwardingFilter.filterExtensionLess(FacesViewsForwardingFilter.java:137)
	at org.omnifaces.facesviews.FacesViewsForwardingFilter.filterExtensionLess(FacesViewsForwardingFilter.java:123)
	at org.omnifaces.facesviews.FacesViewsForwardingFilter.doFilter(FacesViewsForwardingFilter.java:84)
	at org.omnifaces.filter.HttpFilter.doFilter(HttpFilter.java:108)
	at org.apache.catalina.core.ApplicationFilterChain.internalDoFilter(ApplicationFilterChain.java:193)
	at org.apache.catalina.core.ApplicationFilterChain.doFilter(ApplicationFilterChain.java:166)
	at org.apache.catalina.core.StandardWrapperValve.invoke(StandardWrapperValve.java:202)
	at org.apache.catalina.core.StandardContextValve.invoke(StandardContextValve.java:96)
	at org.apache.tomee.catalina.OpenEJBValve.invoke(OpenEJBValve.java:45)
	at org.apache.catalina.authenticator.AuthenticatorBase.invoke(AuthenticatorBase.java:541)
	at org.apache.catalina.core.StandardHostValve.invoke(StandardHostValve.java:139)
	at org.apache.catalina.valves.ErrorReportValve.invoke(ErrorReportValve.java:92)
	at org.apache.tomee.catalina.OpenEJBSecurityListener$RequestCapturer.invoke(OpenEJBSecurityListener.java:97)
	at org.apache.catalina.valves.AbstractAccessLogValve.invoke(AbstractAccessLogValve.java:690)
	at org.apache.catalina.core.StandardEngineValve.invoke(StandardEngineValve.java:74)
	at org.apache.catalina.connector.CoyoteAdapter.service(CoyoteAdapter.java:343)
	at org.apache.coyote.http11.Http11Processor.service(Http11Processor.java:373)
	at org.apache.coyote.AbstractProcessorLight.process(AbstractProcessorLight.java:65)
	at org.apache.coyote.AbstractProtocol$ConnectionHandler.process(AbstractProtocol.java:868)
	at org.apache.tomcat.util.net.NioEndpoint$SocketProcessor.doRun(NioEndpoint.java:1590)
	at org.apache.tomcat.util.net.SocketProcessorBase.run(SocketProcessorBase.java:49)
	at java.base/java.util.concurrent.ThreadPoolExecutor.runWorker(ThreadPoolExecutor.java:1128)
	at java.base/java.util.concurrent.ThreadPoolExecutor$Worker.run(ThreadPoolExecutor.java:628)
	at org.apache.tomcat.util.threads.TaskThread$WrappingRunnable.run(TaskThread.java:61)
	at java.base/java.lang.Thread.run(Thread.java:834)

01-Sep-2024 10:39:08.575 SEVERE [http-nio-8080-exec-9] com.sun.faces.context.AjaxExceptionHandlerImpl.handlePartialResponseError javax.faces.application.ViewExpiredException: viewId:/admin/index.xhtml - View /admin/index.xhtml could not be restored.
	at com.sun.faces.lifecycle.RestoreViewPhase.execute(RestoreViewPhase.java:218)
	at com.sun.faces.lifecycle.Phase.doPhase(Phase.java:100)
	at com.sun.faces.lifecycle.RestoreViewPhase.doPhase(RestoreViewPhase.java:133)
	at com.sun.faces.lifecycle.LifecycleImpl.execute(LifecycleImpl.java:201)
	at javax.faces.webapp.FacesServlet.service(FacesServlet.java:670)
	at org.apache.catalina.core.ApplicationFilterChain.internalDoFilter(ApplicationFilterChain.java:231)
	at org.apache.catalina.core.ApplicationFilterChain.doFilter(ApplicationFilterChain.java:166)
	at org.apache.tomcat.websocket.server.WsFilter.doFilter(WsFilter.java:53)
	at org.apache.catalina.core.ApplicationFilterChain.internalDoFilter(ApplicationFilterChain.java:193)
	at org.apache.catalina.core.ApplicationFilterChain.doFilter(ApplicationFilterChain.java:166)
	at org.apache.openejb.server.httpd.EEFilter.doFilter(EEFilter.java:65)
	at org.apache.catalina.core.ApplicationFilterChain.internalDoFilter(ApplicationFilterChain.java:193)
	at org.apache.catalina.core.ApplicationFilterChain.doFilter(ApplicationFilterChain.java:166)
	at org.ocpsoft.rewrite.servlet.RewriteFilter.doFilter(RewriteFilter.java:226)
	at org.apache.catalina.core.ApplicationFilterChain.internalDoFilter(ApplicationFilterChain.java:193)
	at org.apache.catalina.core.ApplicationFilterChain.doFilter(ApplicationFilterChain.java:166)
	at org.omnifaces.facesviews.FacesViewsForwardingFilter.filterExtensionLessToExtension(FacesViewsForwardingFilter.java:180)
	at org.omnifaces.facesviews.FacesViewsForwardingFilter.filterExtensionLess(FacesViewsForwardingFilter.java:137)
	at org.omnifaces.facesviews.FacesViewsForwardingFilter.filterExtensionLess(FacesViewsForwardingFilter.java:123)
	at org.omnifaces.facesviews.FacesViewsForwardingFilter.doFilter(FacesViewsForwardingFilter.java:84)
	at org.omnifaces.filter.HttpFilter.doFilter(HttpFilter.java:108)
	at org.apache.catalina.core.ApplicationFilterChain.internalDoFilter(ApplicationFilterChain.java:193)
	at org.apache.catalina.core.ApplicationFilterChain.doFilter(ApplicationFilterChain.java:166)
	at org.apache.catalina.core.StandardWrapperValve.invoke(StandardWrapperValve.java:202)
	at org.apache.catalina.core.StandardContextValve.invoke(StandardContextValve.java:96)
	at org.apache.tomee.catalina.OpenEJBValve.invoke(OpenEJBValve.java:45)
	at org.apache.catalina.authenticator.AuthenticatorBase.invoke(AuthenticatorBase.java:541)
	at org.apache.catalina.core.StandardHostValve.invoke(StandardHostValve.java:139)
	at org.apache.catalina.valves.ErrorReportValve.invoke(ErrorReportValve.java:92)
	at org.apache.tomee.catalina.OpenEJBSecurityListener$RequestCapturer.invoke(OpenEJBSecurityListener.java:97)
	at org.apache.catalina.valves.AbstractAccessLogValve.invoke(AbstractAccessLogValve.java:690)
	at org.apache.catalina.core.StandardEngineValve.invoke(StandardEngineValve.java:74)
	at org.apache.catalina.connector.CoyoteAdapter.service(CoyoteAdapter.java:343)
	at org.apache.coyote.http11.Http11Processor.service(Http11Processor.java:373)
	at org.apache.coyote.AbstractProcessorLight.process(AbstractProcessorLight.java:65)
	at org.apache.coyote.AbstractProtocol$ConnectionHandler.process(AbstractProtocol.java:868)
	at org.apache.tomcat.util.net.NioEndpoint$SocketProcessor.doRun(NioEndpoint.java:1590)
	at org.apache.tomcat.util.net.SocketProcessorBase.run(SocketProcessorBase.java:49)
	at java.base/java.util.concurrent.ThreadPoolExecutor.runWorker(ThreadPoolExecutor.java:1128)
	at java.base/java.util.concurrent.ThreadPoolExecutor$Worker.run(ThreadPoolExecutor.java:628)
	at org.apache.tomcat.util.threads.TaskThread$WrappingRunnable.run(TaskThread.java:61)
	at java.base/java.lang.Thread.run(Thread.java:834)

01-Sep-2024 10:39:22.415 SEVERE [http-nio-8080-exec-8] com.sun.faces.context.AjaxExceptionHandlerImpl.handlePartialResponseError javax.faces.application.ViewExpiredException: viewId:/admin/index.xhtml - View /admin/index.xhtml could not be restored.
	at com.sun.faces.lifecycle.RestoreViewPhase.execute(RestoreViewPhase.java:218)
	at com.sun.faces.lifecycle.Phase.doPhase(Phase.java:100)
	at com.sun.faces.lifecycle.RestoreViewPhase.doPhase(RestoreViewPhase.java:133)
	at com.sun.faces.lifecycle.LifecycleImpl.execute(LifecycleImpl.java:201)
	at javax.faces.webapp.FacesServlet.service(FacesServlet.java:670)
	at org.apache.catalina.core.ApplicationFilterChain.internalDoFilter(ApplicationFilterChain.java:231)
	at org.apache.catalina.core.ApplicationFilterChain.doFilter(ApplicationFilterChain.java:166)
	at org.apache.tomcat.websocket.server.WsFilter.doFilter(WsFilter.java:53)
	at org.apache.catalina.core.ApplicationFilterChain.internalDoFilter(ApplicationFilterChain.java:193)
	at org.apache.catalina.core.ApplicationFilterChain.doFilter(ApplicationFilterChain.java:166)
	at org.apache.openejb.server.httpd.EEFilter.doFilter(EEFilter.java:65)
	at org.apache.catalina.core.ApplicationFilterChain.internalDoFilter(ApplicationFilterChain.java:193)
	at org.apache.catalina.core.ApplicationFilterChain.doFilter(ApplicationFilterChain.java:166)
	at org.ocpsoft.rewrite.servlet.RewriteFilter.doFilter(RewriteFilter.java:226)
	at org.apache.catalina.core.ApplicationFilterChain.internalDoFilter(ApplicationFilterChain.java:193)
	at org.apache.catalina.core.ApplicationFilterChain.doFilter(ApplicationFilterChain.java:166)
	at org.omnifaces.facesviews.FacesViewsForwardingFilter.filterExtensionLessToExtension(FacesViewsForwardingFilter.java:180)
	at org.omnifaces.facesviews.FacesViewsForwardingFilter.filterExtensionLess(FacesViewsForwardingFilter.java:137)
	at org.omnifaces.facesviews.FacesViewsForwardingFilter.filterExtensionLess(FacesViewsForwardingFilter.java:123)
	at org.omnifaces.facesviews.FacesViewsForwardingFilter.doFilter(FacesViewsForwardingFilter.java:84)
	at org.omnifaces.filter.HttpFilter.doFilter(HttpFilter.java:108)
	at org.apache.catalina.core.ApplicationFilterChain.internalDoFilter(ApplicationFilterChain.java:193)
	at org.apache.catalina.core.ApplicationFilterChain.doFilter(ApplicationFilterChain.java:166)
	at org.apache.catalina.core.StandardWrapperValve.invoke(StandardWrapperValve.java:202)
	at org.apache.catalina.core.StandardContextValve.invoke(StandardContextValve.java:96)
	at org.apache.tomee.catalina.OpenEJBValve.invoke(OpenEJBValve.java:45)
	at org.apache.catalina.authenticator.AuthenticatorBase.invoke(AuthenticatorBase.java:541)
	at org.apache.catalina.core.StandardHostValve.invoke(StandardHostValve.java:139)
	at org.apache.catalina.valves.ErrorReportValve.invoke(ErrorReportValve.java:92)
	at org.apache.tomee.catalina.OpenEJBSecurityListener$RequestCapturer.invoke(OpenEJBSecurityListener.java:97)
	at org.apache.catalina.valves.AbstractAccessLogValve.invoke(AbstractAccessLogValve.java:690)
	at org.apache.catalina.core.StandardEngineValve.invoke(StandardEngineValve.java:74)
	at org.apache.catalina.connector.CoyoteAdapter.service(CoyoteAdapter.java:343)
	at org.apache.coyote.http11.Http11Processor.service(Http11Processor.java:373)
	at org.apache.coyote.AbstractProcessorLight.process(AbstractProcessorLight.java:65)
	at org.apache.coyote.AbstractProtocol$ConnectionHandler.process(AbstractProtocol.java:868)
	at org.apache.tomcat.util.net.NioEndpoint$SocketProcessor.doRun(NioEndpoint.java:1590)
	at org.apache.tomcat.util.net.SocketProcessorBase.run(SocketProcessorBase.java:49)
	at java.base/java.util.concurrent.ThreadPoolExecutor.runWorker(ThreadPoolExecutor.java:1128)
	at java.base/java.util.concurrent.ThreadPoolExecutor$Worker.run(ThreadPoolExecutor.java:628)
	at org.apache.tomcat.util.threads.TaskThread$WrappingRunnable.run(TaskThread.java:61)
	at java.base/java.lang.Thread.run(Thread.java:834)

01-Sep-2024 10:39:34.168 SEVERE [http-nio-8080-exec-2] com.sun.faces.context.AjaxExceptionHandlerImpl.handlePartialResponseError javax.faces.application.ViewExpiredException: viewId:/admin/index.xhtml - View /admin/index.xhtml could not be restored.
	at com.sun.faces.lifecycle.RestoreViewPhase.execute(RestoreViewPhase.java:218)
	at com.sun.faces.lifecycle.Phase.doPhase(Phase.java:100)
	at com.sun.faces.lifecycle.RestoreViewPhase.doPhase(RestoreViewPhase.java:133)
	at com.sun.faces.lifecycle.LifecycleImpl.execute(LifecycleImpl.java:201)
	at javax.faces.webapp.FacesServlet.service(FacesServlet.java:670)
	at org.apache.catalina.core.ApplicationFilterChain.internalDoFilter(ApplicationFilterChain.java:231)
	at org.apache.catalina.core.ApplicationFilterChain.doFilter(ApplicationFilterChain.java:166)
	at org.apache.tomcat.websocket.server.WsFilter.doFilter(WsFilter.java:53)
	at org.apache.catalina.core.ApplicationFilterChain.internalDoFilter(ApplicationFilterChain.java:193)
	at org.apache.catalina.core.ApplicationFilterChain.doFilter(ApplicationFilterChain.java:166)
	at org.apache.openejb.server.httpd.EEFilter.doFilter(EEFilter.java:65)
	at org.apache.catalina.core.ApplicationFilterChain.internalDoFilter(ApplicationFilterChain.java:193)
	at org.apache.catalina.core.ApplicationFilterChain.doFilter(ApplicationFilterChain.java:166)
	at org.ocpsoft.rewrite.servlet.RewriteFilter.doFilter(RewriteFilter.java:226)
	at org.apache.catalina.core.ApplicationFilterChain.internalDoFilter(ApplicationFilterChain.java:193)
	at org.apache.catalina.core.ApplicationFilterChain.doFilter(ApplicationFilterChain.java:166)
	at org.omnifaces.facesviews.FacesViewsForwardingFilter.filterExtensionLessToExtension(FacesViewsForwardingFilter.java:180)
	at org.omnifaces.facesviews.FacesViewsForwardingFilter.filterExtensionLess(FacesViewsForwardingFilter.java:137)
	at org.omnifaces.facesviews.FacesViewsForwardingFilter.filterExtensionLess(FacesViewsForwardingFilter.java:123)
	at org.omnifaces.facesviews.FacesViewsForwardingFilter.doFilter(FacesViewsForwardingFilter.java:84)
	at org.omnifaces.filter.HttpFilter.doFilter(HttpFilter.java:108)
	at org.apache.catalina.core.ApplicationFilterChain.internalDoFilter(ApplicationFilterChain.java:193)
	at org.apache.catalina.core.ApplicationFilterChain.doFilter(ApplicationFilterChain.java:166)
	at org.apache.catalina.core.StandardWrapperValve.invoke(StandardWrapperValve.java:202)
	at org.apache.catalina.core.StandardContextValve.invoke(StandardContextValve.java:96)
	at org.apache.tomee.catalina.OpenEJBValve.invoke(OpenEJBValve.java:45)
	at org.apache.catalina.authenticator.AuthenticatorBase.invoke(AuthenticatorBase.java:541)
	at org.apache.catalina.core.StandardHostValve.invoke(StandardHostValve.java:139)
	at org.apache.catalina.valves.ErrorReportValve.invoke(ErrorReportValve.java:92)
	at org.apache.tomee.catalina.OpenEJBSecurityListener$RequestCapturer.invoke(OpenEJBSecurityListener.java:97)
	at org.apache.catalina.valves.AbstractAccessLogValve.invoke(AbstractAccessLogValve.java:690)
	at org.apache.catalina.core.StandardEngineValve.invoke(StandardEngineValve.java:74)
	at org.apache.catalina.connector.CoyoteAdapter.service(CoyoteAdapter.java:343)
	at org.apache.coyote.http11.Http11Processor.service(Http11Processor.java:373)
	at org.apache.coyote.AbstractProcessorLight.process(AbstractProcessorLight.java:65)
	at org.apache.coyote.AbstractProtocol$ConnectionHandler.process(AbstractProtocol.java:868)
	at org.apache.tomcat.util.net.NioEndpoint$SocketProcessor.doRun(NioEndpoint.java:1590)
	at org.apache.tomcat.util.net.SocketProcessorBase.run(SocketProcessorBase.java:49)
	at java.base/java.util.concurrent.ThreadPoolExecutor.runWorker(ThreadPoolExecutor.java:1128)
	at java.base/java.util.concurrent.ThreadPoolExecutor$Worker.run(ThreadPoolExecutor.java:628)
	at org.apache.tomcat.util.threads.TaskThread$WrappingRunnable.run(TaskThread.java:61)
	at java.base/java.lang.Thread.run(Thread.java:834)

01-Sep-2024 10:44:23.931 INFO [http-nio-8080-exec-7] org.apache.coyote.http11.Http11Processor.service Error parsing HTTP request header
 Note: further occurrences of HTTP request parsing errors will be logged at DEBUG level.
	java.lang.IllegalArgumentException: Invalid character found in method name [0x160x030x010x000xea0x010x000x000xe60x030x030xfc0xd8L0xfb0xe8Z0xc30x82IJ0xbd0xf20x89Z0xdck}1o0xe8%0xcc40xbf0xbay0xc5Ui.B0x80]. HTTP method names must be tokens
		at org.apache.coyote.http11.Http11InputBuffer.parseRequestLine(Http11InputBuffer.java:418)
		at org.apache.coyote.http11.Http11Processor.service(Http11Processor.java:260)
		at org.apache.coyote.AbstractProcessorLight.process(AbstractProcessorLight.java:65)
		at org.apache.coyote.AbstractProtocol$ConnectionHandler.process(AbstractProtocol.java:868)
		at org.apache.tomcat.util.net.NioEndpoint$SocketProcessor.doRun(NioEndpoint.java:1590)
		at org.apache.tomcat.util.net.SocketProcessorBase.run(SocketProcessorBase.java:49)
		at java.base/java.util.concurrent.ThreadPoolExecutor.runWorker(ThreadPoolExecutor.java:1128)
		at java.base/java.util.concurrent.ThreadPoolExecutor$Worker.run(ThreadPoolExecutor.java:628)
		at org.apache.tomcat.util.threads.TaskThread$WrappingRunnable.run(TaskThread.java:61)
		at java.base/java.lang.Thread.run(Thread.java:834)
01-Sep-2024 12:16:16.330 SEVERE [http-nio-8080-exec-3] com.sun.faces.context.AjaxExceptionHandlerImpl.handlePartialResponseError javax.faces.application.ViewExpiredException: viewId:/admin/index.xhtml - View /admin/index.xhtml could not be restored.
	at com.sun.faces.lifecycle.RestoreViewPhase.execute(RestoreViewPhase.java:218)
	at com.sun.faces.lifecycle.Phase.doPhase(Phase.java:100)
	at com.sun.faces.lifecycle.RestoreViewPhase.doPhase(RestoreViewPhase.java:133)
	at com.sun.faces.lifecycle.LifecycleImpl.execute(LifecycleImpl.java:201)
	at javax.faces.webapp.FacesServlet.service(FacesServlet.java:670)
	at org.apache.catalina.core.ApplicationFilterChain.internalDoFilter(ApplicationFilterChain.java:231)
	at org.apache.catalina.core.ApplicationFilterChain.doFilter(ApplicationFilterChain.java:166)
	at org.apache.tomcat.websocket.server.WsFilter.doFilter(WsFilter.java:53)
	at org.apache.catalina.core.ApplicationFilterChain.internalDoFilter(ApplicationFilterChain.java:193)
	at org.apache.catalina.core.ApplicationFilterChain.doFilter(ApplicationFilterChain.java:166)
	at org.apache.openejb.server.httpd.EEFilter.doFilter(EEFilter.java:65)
	at org.apache.catalina.core.ApplicationFilterChain.internalDoFilter(ApplicationFilterChain.java:193)
	at org.apache.catalina.core.ApplicationFilterChain.doFilter(ApplicationFilterChain.java:166)
	at org.ocpsoft.rewrite.servlet.RewriteFilter.doFilter(RewriteFilter.java:226)
	at org.apache.catalina.core.ApplicationFilterChain.internalDoFilter(ApplicationFilterChain.java:193)
	at org.apache.catalina.core.ApplicationFilterChain.doFilter(ApplicationFilterChain.java:166)
	at org.omnifaces.facesviews.FacesViewsForwardingFilter.filterExtensionLessToExtension(FacesViewsForwardingFilter.java:180)
	at org.omnifaces.facesviews.FacesViewsForwardingFilter.filterExtensionLess(FacesViewsForwardingFilter.java:137)
	at org.omnifaces.facesviews.FacesViewsForwardingFilter.filterExtensionLess(FacesViewsForwardingFilter.java:123)
	at org.omnifaces.facesviews.FacesViewsForwardingFilter.doFilter(FacesViewsForwardingFilter.java:84)
	at org.omnifaces.filter.HttpFilter.doFilter(HttpFilter.java:108)
	at org.apache.catalina.core.ApplicationFilterChain.internalDoFilter(ApplicationFilterChain.java:193)
	at org.apache.catalina.core.ApplicationFilterChain.doFilter(ApplicationFilterChain.java:166)
	at org.apache.catalina.core.StandardWrapperValve.invoke(StandardWrapperValve.java:202)
	at org.apache.catalina.core.StandardContextValve.invoke(StandardContextValve.java:96)
	at org.apache.tomee.catalina.OpenEJBValve.invoke(OpenEJBValve.java:45)
	at org.apache.catalina.authenticator.AuthenticatorBase.invoke(AuthenticatorBase.java:541)
	at org.apache.catalina.core.StandardHostValve.invoke(StandardHostValve.java:139)
	at org.apache.catalina.valves.ErrorReportValve.invoke(ErrorReportValve.java:92)
	at org.apache.tomee.catalina.OpenEJBSecurityListener$RequestCapturer.invoke(OpenEJBSecurityListener.java:97)
	at org.apache.catalina.valves.AbstractAccessLogValve.invoke(AbstractAccessLogValve.java:690)
	at org.apache.catalina.core.StandardEngineValve.invoke(StandardEngineValve.java:74)
	at org.apache.catalina.connector.CoyoteAdapter.service(CoyoteAdapter.java:343)
	at org.apache.coyote.http11.Http11Processor.service(Http11Processor.java:373)
	at org.apache.coyote.AbstractProcessorLight.process(AbstractProcessorLight.java:65)
	at org.apache.coyote.AbstractProtocol$ConnectionHandler.process(AbstractProtocol.java:868)
	at org.apache.tomcat.util.net.NioEndpoint$SocketProcessor.doRun(NioEndpoint.java:1590)
	at org.apache.tomcat.util.net.SocketProcessorBase.run(SocketProcessorBase.java:49)
	at java.base/java.util.concurrent.ThreadPoolExecutor.runWorker(ThreadPoolExecutor.java:1128)
	at java.base/java.util.concurrent.ThreadPoolExecutor$Worker.run(ThreadPoolExecutor.java:628)
	at org.apache.tomcat.util.threads.TaskThread$WrappingRunnable.run(TaskThread.java:61)
	at java.base/java.lang.Thread.run(Thread.java:834)

01-Sep-2024 12:16:18.235 SEVERE [http-nio-8080-exec-2] com.sun.faces.context.AjaxExceptionHandlerImpl.handlePartialResponseError javax.faces.application.ViewExpiredException: viewId:/admin/index.xhtml - View /admin/index.xhtml could not be restored.
	at com.sun.faces.lifecycle.RestoreViewPhase.execute(RestoreViewPhase.java:218)
	at com.sun.faces.lifecycle.Phase.doPhase(Phase.java:100)
	at com.sun.faces.lifecycle.RestoreViewPhase.doPhase(RestoreViewPhase.java:133)
	at com.sun.faces.lifecycle.LifecycleImpl.execute(LifecycleImpl.java:201)
	at javax.faces.webapp.FacesServlet.service(FacesServlet.java:670)
	at org.apache.catalina.core.ApplicationFilterChain.internalDoFilter(ApplicationFilterChain.java:231)
	at org.apache.catalina.core.ApplicationFilterChain.doFilter(ApplicationFilterChain.java:166)
	at org.apache.tomcat.websocket.server.WsFilter.doFilter(WsFilter.java:53)
	at org.apache.catalina.core.ApplicationFilterChain.internalDoFilter(ApplicationFilterChain.java:193)
	at org.apache.catalina.core.ApplicationFilterChain.doFilter(ApplicationFilterChain.java:166)
	at org.apache.openejb.server.httpd.EEFilter.doFilter(EEFilter.java:65)
	at org.apache.catalina.core.ApplicationFilterChain.internalDoFilter(ApplicationFilterChain.java:193)
	at org.apache.catalina.core.ApplicationFilterChain.doFilter(ApplicationFilterChain.java:166)
	at org.ocpsoft.rewrite.servlet.RewriteFilter.doFilter(RewriteFilter.java:226)
	at org.apache.catalina.core.ApplicationFilterChain.internalDoFilter(ApplicationFilterChain.java:193)
	at org.apache.catalina.core.ApplicationFilterChain.doFilter(ApplicationFilterChain.java:166)
	at org.omnifaces.facesviews.FacesViewsForwardingFilter.filterExtensionLessToExtension(FacesViewsForwardingFilter.java:180)
	at org.omnifaces.facesviews.FacesViewsForwardingFilter.filterExtensionLess(FacesViewsForwardingFilter.java:137)
	at org.omnifaces.facesviews.FacesViewsForwardingFilter.filterExtensionLess(FacesViewsForwardingFilter.java:123)
	at org.omnifaces.facesviews.FacesViewsForwardingFilter.doFilter(FacesViewsForwardingFilter.java:84)
	at org.omnifaces.filter.HttpFilter.doFilter(HttpFilter.java:108)
	at org.apache.catalina.core.ApplicationFilterChain.internalDoFilter(ApplicationFilterChain.java:193)
	at org.apache.catalina.core.ApplicationFilterChain.doFilter(ApplicationFilterChain.java:166)
	at org.apache.catalina.core.StandardWrapperValve.invoke(StandardWrapperValve.java:202)
	at org.apache.catalina.core.StandardContextValve.invoke(StandardContextValve.java:96)
	at org.apache.tomee.catalina.OpenEJBValve.invoke(OpenEJBValve.java:45)
	at org.apache.catalina.authenticator.AuthenticatorBase.invoke(AuthenticatorBase.java:541)
	at org.apache.catalina.core.StandardHostValve.invoke(StandardHostValve.java:139)
	at org.apache.catalina.valves.ErrorReportValve.invoke(ErrorReportValve.java:92)
	at org.apache.tomee.catalina.OpenEJBSecurityListener$RequestCapturer.invoke(OpenEJBSecurityListener.java:97)
	at org.apache.catalina.valves.AbstractAccessLogValve.invoke(AbstractAccessLogValve.java:690)
	at org.apache.catalina.core.StandardEngineValve.invoke(StandardEngineValve.java:74)
	at org.apache.catalina.connector.CoyoteAdapter.service(CoyoteAdapter.java:343)
	at org.apache.coyote.http11.Http11Processor.service(Http11Processor.java:373)
	at org.apache.coyote.AbstractProcessorLight.process(AbstractProcessorLight.java:65)
	at org.apache.coyote.AbstractProtocol$ConnectionHandler.process(AbstractProtocol.java:868)
	at org.apache.tomcat.util.net.NioEndpoint$SocketProcessor.doRun(NioEndpoint.java:1590)
	at org.apache.tomcat.util.net.SocketProcessorBase.run(SocketProcessorBase.java:49)
	at java.base/java.util.concurrent.ThreadPoolExecutor.runWorker(ThreadPoolExecutor.java:1128)
	at java.base/java.util.concurrent.ThreadPoolExecutor$Worker.run(ThreadPoolExecutor.java:628)
	at org.apache.tomcat.util.threads.TaskThread$WrappingRunnable.run(TaskThread.java:61)
	at java.base/java.lang.Thread.run(Thread.java:834)

