19-Sep-2024 08:14:27.326 INFO [http-nio-8080-exec-10] org.apache.coyote.http11.Http11Processor.service Error parsing HTTP request header
 Note: further occurrences of HTTP request parsing errors will be logged at DEBUG level.
	java.lang.IllegalArgumentException: Invalid character found in method name [MGLNDD_193.141.127.78_8080...]. HTTP method names must be tokens
		at org.apache.coyote.http11.Http11InputBuffer.parseRequestLine(Http11InputBuffer.java:418)
		at org.apache.coyote.http11.Http11Processor.service(Http11Processor.java:260)
		at org.apache.coyote.AbstractProcessorLight.process(AbstractProcessorLight.java:65)
		at org.apache.coyote.AbstractProtocol$ConnectionHandler.process(AbstractProtocol.java:868)
		at org.apache.tomcat.util.net.NioEndpoint$SocketProcessor.doRun(NioEndpoint.java:1590)
		at org.apache.tomcat.util.net.SocketProcessorBase.run(SocketProcessorBase.java:49)
		at java.base/java.util.concurrent.ThreadPoolExecutor.runWorker(ThreadPoolExecutor.java:1128)
		at java.base/java.util.concurrent.ThreadPoolExecutor$Worker.run(ThreadPoolExecutor.java:628)
		at org.apache.tomcat.util.threads.TaskThread$WrappingRunnable.run(TaskThread.java:61)
		at java.base/java.lang.Thread.run(Thread.java:834)
19-Sep-2024 15:50:54.128 WARNING [http-nio-8080-exec-5] com.sun.faces.application.resource.ResourceHandlerImpl.logMissingResource JSF1064: Unable to find or serve resource, css/admin.css.
19-Sep-2024 15:50:54.129 WARNING [http-nio-8080-exec-5] com.sun.faces.application.resource.ResourceHandlerImpl.logMissingResource 
	org.apache.catalina.connector.ClientAbortException: java.net.SocketTimeoutException
		at org.apache.catalina.connector.OutputBuffer.realWriteBytes(OutputBuffer.java:351)
		at org.apache.catalina.connector.OutputBuffer.flushByteBuffer(OutputBuffer.java:776)
		at org.apache.catalina.connector.OutputBuffer.append(OutputBuffer.java:681)
		at org.apache.catalina.connector.OutputBuffer.writeBytes(OutputBuffer.java:386)
		at org.apache.catalina.connector.OutputBuffer.write(OutputBuffer.java:364)
		at org.apache.catalina.connector.CoyoteOutputStream.write(CoyoteOutputStream.java:96)
		at java.base/java.nio.channels.Channels$WritableByteChannelImpl.write(Channels.java:464)
		at com.sun.faces.application.resource.ResourceHandlerImpl.handleResourceRequest(ResourceHandlerImpl.java:351)
		at javax.faces.application.ResourceHandlerWrapper.handleResourceRequest(ResourceHandlerWrapper.java:178)
		at org.primefaces.application.resource.PrimeResourceHandler.handleResourceRequest(PrimeResourceHandler.java:97)
		at javax.faces.application.ResourceHandlerWrapper.handleResourceRequest(ResourceHandlerWrapper.java:178)
		at javax.faces.application.ResourceHandlerWrapper.handleResourceRequest(ResourceHandlerWrapper.java:178)
		at javax.faces.application.ResourceHandlerWrapper.handleResourceRequest(ResourceHandlerWrapper.java:178)
		at javax.faces.webapp.FacesServlet.service(FacesServlet.java:667)
		at org.apache.catalina.core.ApplicationFilterChain.internalDoFilter(ApplicationFilterChain.java:231)
		at org.apache.catalina.core.ApplicationFilterChain.doFilter(ApplicationFilterChain.java:166)
		at org.apache.tomcat.websocket.server.WsFilter.doFilter(WsFilter.java:53)
		at org.apache.catalina.core.ApplicationFilterChain.internalDoFilter(ApplicationFilterChain.java:193)
		at org.apache.catalina.core.ApplicationFilterChain.doFilter(ApplicationFilterChain.java:166)
		at org.apache.openejb.server.httpd.EEFilter.doFilter(EEFilter.java:65)
		at org.apache.catalina.core.ApplicationFilterChain.internalDoFilter(ApplicationFilterChain.java:193)
		at org.apache.catalina.core.ApplicationFilterChain.doFilter(ApplicationFilterChain.java:166)
		at org.ocpsoft.rewrite.servlet.RewriteFilter.doFilter(RewriteFilter.java:226)
		at org.apache.catalina.core.ApplicationFilterChain.internalDoFilter(ApplicationFilterChain.java:193)
		at org.apache.catalina.core.ApplicationFilterChain.doFilter(ApplicationFilterChain.java:166)
		at org.apache.catalina.core.StandardWrapperValve.invoke(StandardWrapperValve.java:202)
		at org.apache.catalina.core.StandardContextValve.invoke(StandardContextValve.java:96)
		at org.apache.tomee.catalina.OpenEJBValve.invoke(OpenEJBValve.java:45)
		at org.apache.catalina.authenticator.AuthenticatorBase.invoke(AuthenticatorBase.java:541)
		at org.apache.catalina.core.StandardHostValve.invoke(StandardHostValve.java:139)
		at org.apache.catalina.valves.ErrorReportValve.invoke(ErrorReportValve.java:92)
		at org.apache.tomee.catalina.OpenEJBSecurityListener$RequestCapturer.invoke(OpenEJBSecurityListener.java:97)
		at org.apache.catalina.valves.AbstractAccessLogValve.invoke(AbstractAccessLogValve.java:690)
		at org.apache.catalina.core.StandardEngineValve.invoke(StandardEngineValve.java:74)
		at org.apache.catalina.connector.CoyoteAdapter.service(CoyoteAdapter.java:343)
		at org.apache.coyote.http11.Http11Processor.service(Http11Processor.java:373)
		at org.apache.coyote.AbstractProcessorLight.process(AbstractProcessorLight.java:65)
		at org.apache.coyote.AbstractProtocol$ConnectionHandler.process(AbstractProtocol.java:868)
		at org.apache.tomcat.util.net.NioEndpoint$SocketProcessor.doRun(NioEndpoint.java:1590)
		at org.apache.tomcat.util.net.SocketProcessorBase.run(SocketProcessorBase.java:49)
		at java.base/java.util.concurrent.ThreadPoolExecutor.runWorker(ThreadPoolExecutor.java:1128)
		at java.base/java.util.concurrent.ThreadPoolExecutor$Worker.run(ThreadPoolExecutor.java:628)
		at org.apache.tomcat.util.threads.TaskThread$WrappingRunnable.run(TaskThread.java:61)
		at java.base/java.lang.Thread.run(Thread.java:834)
	Caused by: java.net.SocketTimeoutException
		at org.apache.tomcat.util.net.NioBlockingSelector.write(NioBlockingSelector.java:134)
		at org.apache.tomcat.util.net.NioSelectorPool.write(NioSelectorPool.java:152)
		at org.apache.tomcat.util.net.NioEndpoint$NioSocketWrapper.doWrite(NioEndpoint.java:1253)
		at org.apache.tomcat.util.net.SocketWrapperBase.doWrite(SocketWrapperBase.java:740)
		at org.apache.tomcat.util.net.SocketWrapperBase.writeBlocking(SocketWrapperBase.java:560)
		at org.apache.tomcat.util.net.SocketWrapperBase.write(SocketWrapperBase.java:504)
		at org.apache.coyote.http11.Http11OutputBuffer$SocketOutputBuffer.doWrite(Http11OutputBuffer.java:538)
		at org.apache.coyote.http11.filters.ChunkedOutputFilter.doWrite(ChunkedOutputFilter.java:112)
		at org.apache.coyote.http11.Http11OutputBuffer.doWrite(Http11OutputBuffer.java:190)
		at org.apache.coyote.Response.doWrite(Response.java:601)
		at org.apache.catalina.connector.OutputBuffer.realWriteBytes(OutputBuffer.java:339)
		... 43 more
19-Sep-2024 15:51:04.463 WARNING [http-nio-8080-exec-3] com.sun.faces.application.resource.ResourceHandlerImpl.logMissingResource JSF1064: Unable to find or serve resource, css/animate.css.
19-Sep-2024 15:51:04.463 WARNING [http-nio-8080-exec-3] com.sun.faces.application.resource.ResourceHandlerImpl.logMissingResource 
	org.apache.catalina.connector.ClientAbortException: java.net.SocketTimeoutException
		at org.apache.catalina.connector.OutputBuffer.realWriteBytes(OutputBuffer.java:351)
		at org.apache.catalina.connector.OutputBuffer.flushByteBuffer(OutputBuffer.java:776)
		at org.apache.catalina.connector.OutputBuffer.append(OutputBuffer.java:681)
		at org.apache.catalina.connector.OutputBuffer.writeBytes(OutputBuffer.java:386)
		at org.apache.catalina.connector.OutputBuffer.write(OutputBuffer.java:364)
		at org.apache.catalina.connector.CoyoteOutputStream.write(CoyoteOutputStream.java:96)
		at java.base/java.nio.channels.Channels$WritableByteChannelImpl.write(Channels.java:464)
		at com.sun.faces.application.resource.ResourceHandlerImpl.handleResourceRequest(ResourceHandlerImpl.java:351)
		at javax.faces.application.ResourceHandlerWrapper.handleResourceRequest(ResourceHandlerWrapper.java:178)
		at org.primefaces.application.resource.PrimeResourceHandler.handleResourceRequest(PrimeResourceHandler.java:97)
		at javax.faces.application.ResourceHandlerWrapper.handleResourceRequest(ResourceHandlerWrapper.java:178)
		at javax.faces.application.ResourceHandlerWrapper.handleResourceRequest(ResourceHandlerWrapper.java:178)
		at javax.faces.application.ResourceHandlerWrapper.handleResourceRequest(ResourceHandlerWrapper.java:178)
		at javax.faces.webapp.FacesServlet.service(FacesServlet.java:667)
		at org.apache.catalina.core.ApplicationFilterChain.internalDoFilter(ApplicationFilterChain.java:231)
		at org.apache.catalina.core.ApplicationFilterChain.doFilter(ApplicationFilterChain.java:166)
		at org.apache.tomcat.websocket.server.WsFilter.doFilter(WsFilter.java:53)
		at org.apache.catalina.core.ApplicationFilterChain.internalDoFilter(ApplicationFilterChain.java:193)
		at org.apache.catalina.core.ApplicationFilterChain.doFilter(ApplicationFilterChain.java:166)
		at org.apache.openejb.server.httpd.EEFilter.doFilter(EEFilter.java:65)
		at org.apache.catalina.core.ApplicationFilterChain.internalDoFilter(ApplicationFilterChain.java:193)
		at org.apache.catalina.core.ApplicationFilterChain.doFilter(ApplicationFilterChain.java:166)
		at org.ocpsoft.rewrite.servlet.RewriteFilter.doFilter(RewriteFilter.java:226)
		at org.apache.catalina.core.ApplicationFilterChain.internalDoFilter(ApplicationFilterChain.java:193)
		at org.apache.catalina.core.ApplicationFilterChain.doFilter(ApplicationFilterChain.java:166)
		at org.apache.catalina.core.StandardWrapperValve.invoke(StandardWrapperValve.java:202)
		at org.apache.catalina.core.StandardContextValve.invoke(StandardContextValve.java:96)
		at org.apache.tomee.catalina.OpenEJBValve.invoke(OpenEJBValve.java:45)
		at org.apache.catalina.authenticator.AuthenticatorBase.invoke(AuthenticatorBase.java:541)
		at org.apache.catalina.core.StandardHostValve.invoke(StandardHostValve.java:139)
		at org.apache.catalina.valves.ErrorReportValve.invoke(ErrorReportValve.java:92)
		at org.apache.tomee.catalina.OpenEJBSecurityListener$RequestCapturer.invoke(OpenEJBSecurityListener.java:97)
		at org.apache.catalina.valves.AbstractAccessLogValve.invoke(AbstractAccessLogValve.java:690)
		at org.apache.catalina.core.StandardEngineValve.invoke(StandardEngineValve.java:74)
		at org.apache.catalina.connector.CoyoteAdapter.service(CoyoteAdapter.java:343)
		at org.apache.coyote.http11.Http11Processor.service(Http11Processor.java:373)
		at org.apache.coyote.AbstractProcessorLight.process(AbstractProcessorLight.java:65)
		at org.apache.coyote.AbstractProtocol$ConnectionHandler.process(AbstractProtocol.java:868)
		at org.apache.tomcat.util.net.NioEndpoint$SocketProcessor.doRun(NioEndpoint.java:1590)
		at org.apache.tomcat.util.net.SocketProcessorBase.run(SocketProcessorBase.java:49)
		at java.base/java.util.concurrent.ThreadPoolExecutor.runWorker(ThreadPoolExecutor.java:1128)
		at java.base/java.util.concurrent.ThreadPoolExecutor$Worker.run(ThreadPoolExecutor.java:628)
		at org.apache.tomcat.util.threads.TaskThread$WrappingRunnable.run(TaskThread.java:61)
		at java.base/java.lang.Thread.run(Thread.java:834)
	Caused by: java.net.SocketTimeoutException
		at org.apache.tomcat.util.net.NioBlockingSelector.write(NioBlockingSelector.java:134)
		at org.apache.tomcat.util.net.NioSelectorPool.write(NioSelectorPool.java:152)
		at org.apache.tomcat.util.net.NioEndpoint$NioSocketWrapper.doWrite(NioEndpoint.java:1253)
		at org.apache.tomcat.util.net.SocketWrapperBase.doWrite(SocketWrapperBase.java:740)
		at org.apache.tomcat.util.net.SocketWrapperBase.writeBlocking(SocketWrapperBase.java:560)
		at org.apache.tomcat.util.net.SocketWrapperBase.write(SocketWrapperBase.java:504)
		at org.apache.coyote.http11.Http11OutputBuffer$SocketOutputBuffer.doWrite(Http11OutputBuffer.java:538)
		at org.apache.coyote.http11.filters.ChunkedOutputFilter.doWrite(ChunkedOutputFilter.java:112)
		at org.apache.coyote.http11.Http11OutputBuffer.doWrite(Http11OutputBuffer.java:190)
		at org.apache.coyote.Response.doWrite(Response.java:601)
		at org.apache.catalina.connector.OutputBuffer.realWriteBytes(OutputBuffer.java:339)
		... 43 more
19-Sep-2024 18:10:08.327 INFO [http-nio-8080-exec-7] org.apache.coyote.http11.Http11Processor.service Error parsing HTTP request header
 Note: further occurrences of HTTP request parsing errors will be logged at DEBUG level.
	java.lang.IllegalArgumentException: Invalid character found in method name [0x160x030x010x000xf40x010x000x000xf00x030x030x0f0x020x7fG0xca0xe20xc40xcb%0x1e0xf70xd8K0x1b.r'0x03@0x85/u0x8b0xc90xd00xc40x8b0xa20xdc0xf60xe20x19]. HTTP method names must be tokens
		at org.apache.coyote.http11.Http11InputBuffer.parseRequestLine(Http11InputBuffer.java:418)
		at org.apache.coyote.http11.Http11Processor.service(Http11Processor.java:260)
		at org.apache.coyote.AbstractProcessorLight.process(AbstractProcessorLight.java:65)
		at org.apache.coyote.AbstractProtocol$ConnectionHandler.process(AbstractProtocol.java:868)
		at org.apache.tomcat.util.net.NioEndpoint$SocketProcessor.doRun(NioEndpoint.java:1590)
		at org.apache.tomcat.util.net.SocketProcessorBase.run(SocketProcessorBase.java:49)
		at java.base/java.util.concurrent.ThreadPoolExecutor.runWorker(ThreadPoolExecutor.java:1128)
		at java.base/java.util.concurrent.ThreadPoolExecutor$Worker.run(ThreadPoolExecutor.java:628)
		at org.apache.tomcat.util.threads.TaskThread$WrappingRunnable.run(TaskThread.java:61)
		at java.base/java.lang.Thread.run(Thread.java:834)
