21-Aug-2024 15:37:20.467 SEVERE [http-nio-8080-exec-3] org.apache.catalina.core.StandardWrapperValve.invoke Servlet.service() for servlet [Faces Servlet] in context with path [] threw exception [GC overhead limit exceeded] with root cause
	java.lang.OutOfMemoryError: GC overhead limit exceeded
		at org.bson.codecs.configuration.ProvidersCodecRegistry.get(ProvidersCodecRegistry.java:37)
		at com.mongodb.internal.connection.BsonWriterHelper.getCodec(BsonWriterHelper.java:87)
		at com.mongodb.internal.connection.BsonWriterHelper.writeElements(BsonWriterHelper.java:44)
		at com.mongodb.internal.connection.ElementExtendingBsonWriter.writeEndDocument(ElementExtendingBsonWriter.java:38)
		at org.bson.codecs.BsonDocumentCodec.encode(BsonDocumentCodec.java:118)
		at org.bson.codecs.BsonDocumentCodec.encode(BsonDocumentCodec.java:41)
		at com.mongodb.internal.connection.RequestMessage.addDocument(RequestMessage.java:238)
		at com.mongodb.internal.connection.RequestMessage.addDocument(RequestMessage.java:188)
		at com.mongodb.internal.connection.CommandMessage.encodeMessageBodyWithMetadata(CommandMessage.java:140)
		at com.mongodb.internal.connection.RequestMessage.encode(RequestMessage.java:138)
		at com.mongodb.internal.connection.CommandMessage.encode(CommandMessage.java:61)
		at com.mongodb.internal.connection.InternalStreamConnection.sendAndReceive(InternalStreamConnection.java:248)
		at com.mongodb.internal.connection.UsageTrackingInternalConnection.sendAndReceive(UsageTrackingInternalConnection.java:99)
		at com.mongodb.internal.connection.DefaultConnectionPool$PooledConnection.sendAndReceive(DefaultConnectionPool.java:450)
		at com.mongodb.internal.connection.CommandProtocolImpl.execute(CommandProtocolImpl.java:72)
		at com.mongodb.internal.connection.DefaultServer$DefaultServerProtocolExecutor.execute(DefaultServer.java:218)
		at com.mongodb.internal.connection.DefaultServerConnection.executeProtocol(DefaultServerConnection.java:269)
		at com.mongodb.internal.connection.DefaultServerConnection.command(DefaultServerConnection.java:131)
		at com.mongodb.internal.connection.DefaultServerConnection.command(DefaultServerConnection.java:123)
		at com.mongodb.operation.CommandOperationHelper.executeCommand(CommandOperationHelper.java:343)
		at com.mongodb.operation.CommandOperationHelper.executeCommand(CommandOperationHelper.java:334)
		at com.mongodb.operation.CommandOperationHelper.executeCommandWithConnection(CommandOperationHelper.java:220)
		at com.mongodb.operation.FindOperation$1.call(FindOperation.java:731)
		at com.mongodb.operation.FindOperation$1.call(FindOperation.java:725)
		at com.mongodb.operation.OperationHelper.withReadConnectionSource(OperationHelper.java:463)
		at com.mongodb.operation.FindOperation.execute(FindOperation.java:725)
		at com.mongodb.operation.FindOperation.execute(FindOperation.java:89)
		at com.mongodb.client.internal.MongoClientDelegate$DelegateOperationExecutor.execute(MongoClientDelegate.java:189)
		at com.mongodb.client.internal.FindIterableImpl.first(FindIterableImpl.java:205)
		at org.springframework.data.mongodb.core.convert.DefaultDbRefResolver.fetch(DefaultDbRefResolver.java:124)
		at org.springframework.data.mongodb.core.convert.MappingMongoConverter.readRef(MappingMongoConverter.java:1658)
		at org.springframework.data.mongodb.core.convert.MappingMongoConverter.bulkReadAndConvertDBRefs(MappingMongoConverter.java:1613)
21-Aug-2024 15:37:25.103 SEVERE [http-nio-8080-exec-11] org.apache.catalina.core.StandardWrapperValve.invoke Servlet.service() for servlet [Faces Servlet] in context with path [] threw exception [GC overhead limit exceeded] with root cause
	java.lang.OutOfMemoryError: GC overhead limit exceeded
		at java.base/java.util.Arrays.copyOfRange(Arrays.java:4030)
		at java.base/java.lang.StringLatin1.newString(StringLatin1.java:715)
		at java.base/java.lang.StringBuilder.toString(StringBuilder.java:453)
		at com.mongodb.MongoNamespace.checkDatabaseNameValidity(MongoNamespace.java:61)
		at com.mongodb.MongoNamespace.<init>(MongoNamespace.java:107)
		at com.mongodb.client.internal.MongoDatabaseImpl.getCollection(MongoDatabaseImpl.java:134)
		at org.springframework.data.mongodb.core.convert.DefaultDbRefResolver.getCollection(DefaultDbRefResolver.java:501)
		at org.springframework.data.mongodb.core.convert.DefaultDbRefResolver.fetch(DefaultDbRefResolver.java:124)
		at org.springframework.data.mongodb.core.convert.MappingMongoConverter.readRef(MappingMongoConverter.java:1658)
		at org.springframework.data.mongodb.core.convert.MappingMongoConverter.bulkReadAndConvertDBRefs(MappingMongoConverter.java:1613)
		at org.springframework.data.mongodb.core.convert.MappingMongoConverter.readAndConvertDBRef(MappingMongoConverter.java:1585)
		at org.springframework.data.mongodb.core.convert.MappingMongoConverter.potentiallyReadOrResolveDbRef(MappingMongoConverter.java:1578)
		at org.springframework.data.mongodb.core.convert.MappingMongoConverter.readValue(MappingMongoConverter.java:1556)
		at org.springframework.data.mongodb.core.convert.MappingMongoConverter$MongoDbPropertyValueProvider.getPropertyValue(MappingMongoConverter.java:1458)
		at org.springframework.data.mongodb.core.convert.MappingMongoConverter.getValueInternal(MappingMongoConverter.java:1053)
		at org.springframework.data.mongodb.core.convert.MappingMongoConverter$$Lambda$753/0x00000001010abc40.getValueInternal(Unknown Source)
		at org.springframework.data.mongodb.core.convert.DefaultDbRefResolverCallback.resolve(DefaultDbRefResolverCallback.java:61)
		at org.springframework.data.mongodb.core.convert.DefaultDbRefResolver.resolveDbRef(DefaultDbRefResolver.java:107)
		at org.springframework.data.mongodb.core.convert.MappingMongoConverter.readAssociation(MappingMongoConverter.java:448)
		at org.springframework.data.mongodb.core.convert.MappingMongoConverter.readProperties(MappingMongoConverter.java:402)
		at org.springframework.data.mongodb.core.convert.MappingMongoConverter.populateProperties(MappingMongoConverter.java:343)
		at org.springframework.data.mongodb.core.convert.MappingMongoConverter.read(MappingMongoConverter.java:323)
		at org.springframework.data.mongodb.core.convert.MappingMongoConverter.read(MappingMongoConverter.java:293)
		at org.springframework.data.mongodb.core.convert.MappingMongoConverter.bulkReadAndConvertDBRefs(MappingMongoConverter.java:1626)
		at org.springframework.data.mongodb.core.convert.MappingMongoConverter.readAndConvertDBRef(MappingMongoConverter.java:1585)
		at org.springframework.data.mongodb.core.convert.MappingMongoConverter.potentiallyReadOrResolveDbRef(MappingMongoConverter.java:1578)
		at org.springframework.data.mongodb.core.convert.MappingMongoConverter.readValue(MappingMongoConverter.java:1556)
		at org.springframework.data.mongodb.core.convert.MappingMongoConverter$MongoDbPropertyValueProvider.getPropertyValue(MappingMongoConverter.java:1458)
		at org.springframework.data.mongodb.core.convert.MappingMongoConverter.getValueInternal(MappingMongoConverter.java:1053)
		at org.springframework.data.mongodb.core.convert.MappingMongoConverter$$Lambda$753/0x00000001010abc40.getValueInternal(Unknown Source)
		at org.springframework.data.mongodb.core.convert.DefaultDbRefResolverCallback.resolve(DefaultDbRefResolverCallback.java:61)
		at org.springframework.data.mongodb.core.convert.DefaultDbRefResolver.resolveDbRef(DefaultDbRefResolver.java:107)
21-Aug-2024 15:37:54.472 SEVERE [http-nio-8080-exec-1] org.apache.catalina.core.StandardWrapperValve.invoke Servlet.service() for servlet [Faces Servlet] in context with path [] threw exception [GC overhead limit exceeded] with root cause
	java.lang.OutOfMemoryError: GC overhead limit exceeded
21-Aug-2024 15:38:06.919 SEVERE [http-nio-8080-exec-4] org.apache.catalina.core.StandardWrapperValve.invoke Servlet.service() for servlet [Faces Servlet] in context with path [] threw exception [GC overhead limit exceeded] with root cause
	java.lang.OutOfMemoryError: GC overhead limit exceeded
21-Aug-2024 15:38:24.023 SEVERE [http-nio-8080-exec-7] org.apache.catalina.core.StandardWrapperValve.invoke Servlet.service() for servlet [Faces Servlet] in context with path [] threw exception [GC overhead limit exceeded] with root cause
	java.lang.OutOfMemoryError: GC overhead limit exceeded
21-Aug-2024 15:39:11.652 SEVERE [http-nio-8080-exec-2] org.apache.catalina.core.StandardWrapperValve.invoke Servlet.service() for servlet [Faces Servlet] in context with path [] threw exception [GC overhead limit exceeded] with root cause
	java.lang.OutOfMemoryError: GC overhead limit exceeded
